0 6 10.8101
1 2 10.76
2 24 11.0898
3 28 13.1132
4 31 13.2016
5 30 14.914
6 25 12.3544
7 29 12.1107
8 31 11.1545
9 29 10.7676
10 27 12.2504
11 18 10.3379
12 29 11.2518
13 27 10.1718
14 30 10.816
15 30 10.1653
16 31 9.68835
17 21 11.001
18 25 11.3458
19 30 10.4983
20 32 12.3857
21 18 11.3805
22 33 11.0352
23 28 10.5447
24 3 11.8389
25 29 11.0596
26 28 11.8115
27 27 11.3904
28 33 13.1497
29 31 11.4468
30 29 12.1312
31 25 12.5703
32 27 10.8929
33 25 9.92185
34 6 10.4744
35 29 12.7466
36 21 11.3967
37 17 11.795
38 15 12.6474
39 26 10.0104
40 31 12.828
41 28 10.9326
42 30 9.0189
43 28 13.243
44 30 10.7261
45 23 10.9432
46 23 13.2605
47 31 11.0414
48 24 11.8623
49 24 12.2026
50 31 11.4538
51 14 12.344
52 1 10.9756
53 28 11.859
54 19 13.0418
55 2 10.5619
56 20 11.5191
57 26 12.0177
58 29 15.3461
59 27 11.2118
60 25 14.555
61 26 10.8564
62 29 12.3911
63 36 11.1422
64 6 11.5815
65 26 9.29576
66 8 11.1316
67 25 11.1318
68 28 11.3475
69 30 10.3597
70 28 11.4438
71 26 10.4929
72 30 11.4557
73 31 9.78174
74 17 10.172
75 31 10.33
76 7 11.1022
77 20 11.2097
78 23 12.3803
79 28 11.1035
80 24 11.8283
81 27 9.548
82 22 10.1089
83 27 11.5647
84 25 10.1091
85 29 13.8935
86 24 10.5248
87 29 9.53794
88 24 11.2271
89 28 10.42
90 21 14.2234
91 31 14.1876
92 21 13.8712
93 25 12.4794
94 29 10.8267
95 30 13.7834
96 29 13.306
97 27 12.4937
98 31 10.9249
99 6 10.7412
100 28 10.5141
101 4 10.9178
102 12 12.3256
103 11 11.7524
104 3 10.2251
105 7 13.319
106 23 11.5334
107 9 12.1932
108 18 11.7509
109 3 14.9639
110 8 11.8143
111 6 11.5142
112 28 13.0668
113 15 12.1431
114 29 13.0077
115 23 12.8801
116 14 13.1898
117 18 13.5965
118 22 12.6596
119 27 11.2523
120 21 11.6155
121 1 12.8545
122 5 12.3703
123 5 11.893
124 2 12.7532
125 10 11.9985
126 3 11.225
127 2 13.3828
128 0 10.4959
129 8 12.1215
130 0 13.4198
131 27 18.7636
132 28 14.0264
133 4 13.2272
134 25 11.0943
135 26 12.344
136 29 13.2262
137 26 15.0508
138 30 14.4804
139 22 12.3936
140 24 12.8478
141 20 13.1902
142 29 16.6443
143 25 11.4258
144 26 13.0677
145 24 14.9543
146 21 13.8704
147 31 13.4791
148 18 14.0132
149 7 13.1225
150 29 12.9139
151 31 11.1094
152 26 15.067
153 29 11.585
154 28 14.943
155 29 14.1327
156 27 12.629
157 22 13.7095
158 28 15.2808
159 0 11.8972
160 25 10.2951
161 26 10.8982
162 22 12.8641
163 23 13.1648
164 24 16.2299
165 15 13.5939
166 29 14.0947
167 20 14.5298
168 23 13.2413
169 6 13.0356
170 28 12.3365
171 16 12.2554
172 16 13.8528
173 5 10.9973
174 24 12.4586
175 2 14.2628
176 25 13.0475
177 23 12.0938
178 19 13.9235
179 1 13.6034
180 23 14.3098
181 23 13.4351
182 4 15.8476
183 37 13.435
184 30 13.997
185 21 13.8527
186 27 12.6771
187 24 12.2439
188 9 16.141
189 19 15.4439
190 30 14.8342
191 25 12.0493
192 23 16.8231
193 23 15.0308
194 21 10.8266
195 29 16.1818
196 24 15.3573
197 30 16.16
198 32 12.9545
199 24 15.1825
200 0 15.5259
201 23 14.8857
202 31 12.9726
203 23 13.5045
204 10 12.8652
205 1 16.3497
206 29 13.7263
207 31 15.4059
208 26 14.7366
209 28 13.6033
210 6 12.9499
211 28 11.9777
212 29 12.2738
213 22 14.089
214 20 12.9789
215 3 13.5524
216 6 12.9566
217 19 12.565
218 5 16.2695
219 21 12.9998
220 2 14.9391
221 17 14.1038
222 27 12.8646
223 13 15.2696
224 23 13.0703
225 29 14.6788
226 9 12.8056
227 18 12.346
228 25 8.48049
229 28 12.6501
230 18 12.87
231 20 10.1198
232 19 11.0349
233 9 13.3233
234 16 15.2197
235 13 14.3111
236 0 16.3955
237 22 14.6912
238 1 10.8954
239 2 13.9127
240 2 15.7232
241 15 15.8469
242 22 17.3081
243 17 15.6333
244 6 13.7506
245 32 12.1827
246 25 15.2985
247 8 12.9948
248 23 14.8225
249 3 12.7509
250 22 15.1228
251 5 10.8552
252 2 12.7676
253 37 11.6077
254 26 14.1867
255 11 14.9195
256 7 15.6031
257 28 12.3523
258 12 15.9361
259 13 13.0133
260 25 13.7971
261 12 14.0883
262 15 13.701
263 28 15.334
264 13 13.2806
265 16 14.4949
266 4 13.5877
267 14 13.7447
268 25 16.1143
269 31 17.5009
270 29 12.8389
271 12 14.0382
272 16 15.1332
273 32 12.5275
274 11 12.2294
275 20 15.7677
276 27 13.8903
277 18 14.1516
278 19 13.5938
279 0 17.3966
280 28 14.0548
281 13 12.8232
282 33 14.2015
283 28 13.9911
284 19 11.1798
285 22 14.9417
286 4 16.8269
287 17 14.4289
288 26 16.0263
289 1 15.4249
290 1 14.8512
291 27 13.4979
292 29 15.7483
293 26 16.5821
294 22 15.2587
295 5 10.7442
296 14 14.877
297 31 17.8252
298 12 15.571
299 28 15.7328
300 16 16.0317
301 3 16.1454
302 27 12.8408
303 2 15.6162
304 26 15.0555
305 21 13.3735
306 12 14.024
307 31 16.6089
308 19 17.5375
309 33 14.1003
310 16 14.7933
311 1 13.6067
312 14 13.5976
313 13 14.891
314 5 14.2039
315 1 15.8234
316 21 19.7553
317 10 18.3124
318 31 12.6407
319 19 14.4987
320 24 18.5475
321 27 16.6091
322 3 16.3208
323 26 16.5793
324 29 14.4358
325 29 13.6599
326 28 14.3428
327 28 12.1701
328 12 16.2901
329 1 17.8986
330 27 16.106
331 4 15.0661
332 29 10.9537
333 3 16.5943
334 20 13.6024
335 6 14.522
336 25 13.9505
337 31 15.15
338 13 12.3827
339 1 18.5131
340 16 17.1507
341 16 14.765
342 31 15.9038
343 7 15.8377
344 26 16.0039
345 21 11.36
346 17 13.9714
347 20 19.2722
348 1 15.8368
349 0 20.6958
350 13 14.8184
351 22 14.6082
352 2 16.9366
353 33 18.4146
354 11 17.2583
355 9 16.5983
356 18 15.5758
357 23 20.5781
358 24 19.2753
359 13 19.0054
360 7 14.8391
361 19 13.4454
362 9 14.8949
363 0 16.2033
364 19 18.5056
365 15 18.09
366 12 20.9223
367 14 14.4108
368 23 16.2232
369 8 18.9588
370 31 16.7634
371 29 16.2739
372 27 15.0046
373 3 15.4143
374 4 17.8069
375 25 17.1518
376 19 16.0703
377 1 17.1321
378 9 16.2604
379 30 15.9882
380 13 17.6468
381 3 15.3966
382 33 17.1012
383 19 15.7493
384 23 17.2092
385 33 15.8801
386 0 19.9114
387 32 17.0239
388 16 14.831
389 0 16.9448
390 29 18.6045
391 15 17.5399
392 27 16.2182
393 25 16.1998
394 19 18.7272
395 25 22.7987
396 25 17.4575
397 1 15.9649
398 9 16.2308
399 31 16.5093
400 31 21.0444
401 20 16.6072
402 24 21.5131
403 29 13.9085
404 29 15.4766
405 0 16.4141
406 17 15.2896
407 31 14.1744
408 32 19.094
409 23 17.3108
410 2 17.9865
411 30 16.3841
412 17 18.7644
413 29 16.5402
414 30 17.3156
415 37 16.6916
416 30 18.4562
417 22 18.7752
418 28 13.3882
419 30 15.4043
420 19 21.4809
421 31 16.4019
422 18 16.5594
423 23 17.1596
424 29 18.8534
425 28 18.7702
426 28 17.092
427 19 17.2055
428 31 16.6465
429 29 21.5709
430 21 17.0449
431 32 17.1794
432 17 16.7809
433 25 17.2877
434 25 19.1632
435 6 15.5624
436 7 17.2396
437 30 16.2614
438 24 16.3808
439 21 17.8904
440 22 16.1406
441 28 15.6007
442 19 17.4596
443 21 16.1563
444 26 17.9467
445 18 16.7798
446 22 17.7726
447 21 19.7358
448 30 21.1923
449 31 14.8672
450 29 20.5372
451 29 17.6789
452 33 15.9512
453 25 18.7071
454 18 17.2567
455 29 15.8796
456 7 19.605
457 31 17.0992
458 31 16.1504
459 18 20.5041
460 28 16.8594
461 30 18.8006
462 23 13.6911
463 1 15.848
464 29 21.0652
465 18 15.5447
466 3 16.1822
467 16 17.8442
468 27 18.5951
469 32 19.299
470 15 16.3467
471 6 15.3748
472 25 17.1647
473 30 18.2168
474 26 16.4336
475 13 18.8602
476 31 16.7959
477 26 15.2869
478 23 16.105
479 26 16.3181
480 31 18.2697
481 10 18.3374
482 25 17.0465
483 11 14.7015
484 29 16.4055
485 30 14.0979
486 27 17.3158
487 29 16.866
488 13 15.8029
489 31 16.3378
490 31 16.2058
491 30 19.1796
492 9 20.7883
493 23 18.9894
494 37 15.6436
495 15 13.8007
496 21 16.3567
497 20 14.5176
498 25 18.7569
499 6 14.9531
500 10 15.2909
501 24 16.9239
502 11 17.7343
503 26 16.2621
504 26 19.2562
505 25 19.4704
506 24 16.8041
507 31 17.6439
508 29 18.1196
509 1 19.4277
510 31 21.057
511 17 18.7199
512 30 16.18
513 33 17.8236
514 29 15.9771
515 29 16.8593
516 18 14.2196
517 28 14.7058
518 1 17.334
519 29 21.4376
520 1 16.0864
521 31 18.3609
522 22 20.3428
523 24 20.972
524 26 18.7554
525 8 18.196
526 9 15.1132
527 1 17.2173
528 32 15.861
529 27 15.1261
530 28 19.951
531 29 17.4127
532 2 15.3849
533 22 22.253
534 22 17.1775
535 27 17.4385
536 31 17.1984
537 14 20.7744
538 24 20.7203
539 16 16.2449
540 29 16.3127
541 23 17.2139
542 20 19.9958
543 25 17.9958
544 32 16.193
545 27 19.3368
546 2 14.962
547 28 16.9891
548 17 17.4266
549 30 17.2949
550 3 23.4374
551 16 18.1432
552 28 16.6531
553 31 19.7397
554 30 15.9604
555 29 15.1164
556 26 16.7195
557 30 18.5554
558 30 17.1342
559 28 18.8182
560 31 15.9946
561 28 15.8589
562 13 18.9278
563 4 14.6397
564 27 16.951
565 29 17.45
566 17 19.879
567 16 17.5522
568 0 15.6925
569 5 18.9846
570 23 15.1635
571 26 16.2417
572 6 16.9728
573 5 19.6355
574 16 16.5497
575 23 18.9263
576 1 14.5354
577 24 19.5879
578 2 18.1599
579 30 16.7947
580 31 14.3432
581 25 14.9339
582 7 17.1736
583 0 15.5609
584 26 19.0292
585 24 19.5978
586 12 19.4961
587 8 16.6101
588 2 19.6033
589 4 20.96
590 20 24.4328
591 20 16.6856
592 12 19.8526
593 7 14.8825
594 22 20.7416
595 12 21.1552
596 24 16.9418
597 6 17.9481
598 32 16.6037
599 31 18.733
600 27 17.5769
601 28 17.0165
602 23 21.6232
603 20 18.0105
604 3 19.4064
605 13 14.1721
606 29 16.147
607 26 24.2835
608 4 20.0411
609 2 17.2064
610 18 15.1176
611 30 16.1997
612 25 20.7433
613 31 16.7137
614 24 18.8971
615 19 13.8779
616 23 19.4635
617 28 19.4538
618 19 19.5453
619 22 18.5435
620 11 17.2395
621 31 16.7924
622 7 18.9185
623 28 18.2286
624 6 16.724
625 31 16.3482
626 28 20.7696
627 29 21.2157
628 5 21.2013
629 10 14.725
630 24 17.6636
631 21 23.1703
632 7 21.8922
633 30 18.7964
634 21 18.6518
635 16 18.0208
636 8 23.3157
637 10 19.728
638 14 18.8363
639 29 17.1849
640 23 18.2544
641 29 15.9732
642 31 15.8283
643 31 18.4039
644 27 19.2862
645 30 21.3501
646 16 18.6623
647 13 21.8807
648 30 18.0641
649 19 16.9235
650 15 13.7823
651 29 21.7236
652 36 20.3399
653 31 18.405
654 17 16.5895
655 18 15.5288
656 19 13.9165
657 12 18.3491
658 31 16.4601
659 28 17.394
660 33 21.6673
661 30 20.7263
662 29 19.324
663 6 18.3698
664 30 18.7584
665 23 20.6929
666 29 23.1222
667 31 17.6641
668 27 18.6906
669 23 19.9834
670 29 20.7313
671 20 15.1006
672 7 18.5489
673 30 21.048
674 22 18.1636
675 13 20.6289
676 21 17.6365
677 31 16.1914
678 7 18.112
679 7 21.3971
680 14 20.6344
681 29 14.0479
682 13 18.0846
683 31 17.1851
684 16 16.7657
685 24 19.4883
686 9 21.8372
687 24 15.2171
688 20 19.2009
689 22 18.4555
690 0 17.9132
691 10 15.4885
692 25 19.166
693 27 19.0685
694 25 17.0758
695 28 18.9411
696 8 17.4867
697 31 16.4368
698 32 20.0802
699 28 17.9374
700 28 19.8116
701 10 17.4398
702 29 16.7752
703 20 19.8199
704 22 15.3164
705 5 13.9247
706 28 20.0067
707 12 17.8016
708 7 18.2979
709 25 16.7257
710 22 18.5961
711 8 15.8264
712 31 21.4411
713 29 17.9425
714 8 17.4299
715 28 25.2508
716 27 16.2066
717 25 18.1521
718 12 17.6563
719 19 18.591
720 31 17.9663
721 18 18.3365
722 29 20.8849
723 30 16.603
724 13 19.0745
725 30 18.5362
726 9 16.5685
727 33 16.6561
728 25 21.7426
729 10 18.1525
730 25 19.5648
731 15 22.5113
732 4 16.4151
733 17 20.6303
734 8 18.4317
735 16 19.1239
736 13 21.7304
737 29 16.2845
738 29 17.0215
739 30 18.4985
740 28 18.864
741 21 14.7822
742 0 17.4914
743 5 16.7287
744 18 17.924
745 20 16.6865
746 8 19.6912
747 28 16.2874
748 28 16.6151
749 0 20.5697
750 24 16.4385
751 1 19.7978
752 24 19.1252
753 8 19.7281
754 24 21.3643
755 5 14.1569
756 19 20.3527
757 16 17.5795
758 26 20.7989
759 31 18.6222
760 21 16.4206
761 20 20.117
762 31 19.9027
763 26 16.7964
764 31 21.8453
765 3 19.3999
766 12 19.5287
767 27 22.4736
768 29 18.1377
769 26 16.0382
770 29 17.2865
771 31 20.4542
772 31 18.9175
773 24 16.2668
774 30 18.6334
775 21 16.3506
776 32 17.8284
777 19 17.6636
778 23 17.4236
779 26 18.5979
780 23 20.6623
781 25 15.3936
782 26 15.3538
783 8 17.2633
784 28 16.6681
785 16 18.1443
786 31 16.0354
787 30 16.8048
788 7 18.5712
789 24 17.9945
790 21 18.5136
791 30 19.4237
792 3 19.837
793 27 16.032
794 29 21.1378
795 27 19.3717
796 29 17.0681
797 31 18.474
798 9 17.4152
799 23 18.3183
800 32 18.8406
801 28 16.9023
802 29 17.8218
803 28 24.4701
804 28 17.6094
805 18 22.0354
806 25 19.7193
807 23 16.4062
808 22 21.61
809 22 24.1173
810 19 18.9476
811 30 18.4192
812 20 21.4794
813 25 15.8151
814 24 16.4107
815 26 20.161
816 23 16.9193
817 26 15.3023
818 29 18.2936
819 28 27.8737
820 15 16.4874
821 2 17.7822
822 22 19.221
823 28 16.6081
824 15 20.0936
825 26 19.575
826 8 14.3966
827 21 19.6552
828 31 20.3193
829 31 20.5008
830 14 17.4942
831 30 16.4868
832 23 15.2263
833 31 18.9014
834 28 16.726
835 6 17.531
836 29 22.2109
837 7 18.4742
838 16 15.1955
839 31 18.6776
840 31 17.1054
841 29 16.0981
842 18 17.8054
843 33 17.1164
844 1 17.8921
845 9 18.5117
846 6 16.7846
847 28 16.4746
848 33 17.6217
849 11 17.8437
850 18 20.35
851 2 21.7028
852 19 19.9952
853 5 17.9164
854 28 17.5039
855 12 18.125
856 15 16.7406
857 12 18.6937
858 21 25.3972
859 13 17.5895
860 28 20.1681
861 29 17.6815
862 16 18.5371
863 25 20.2147
864 16 21.4713
865 14 16.6977
866 11 18.813
867 36 17.075
868 27 18.8338
869 27 17.0913
870 16 22.5709
871 29 16.5868
872 23 19.5415
873 0 19.8979
874 22 18.3191
875 29 17.143
876 30 16.5217
877 28 21.2234
878 13 19.047
879 31 23.28
880 24 18.7667
881 14 17.0298
882 10 18.7998
883 22 20.1628
884 22 22.1155
885 27 21.7303
886 27 22.4707
887 6 21.3606
888 23 20.6347
889 31 20.4599
890 8 16.8773
891 3 21.1921
892 18 17.4337
893 22 18.901
894 3 23.6508
895 28 17.4554
896 30 17.9818
897 36 17.8501
898 6 16.8289
899 25 17.6845
900 12 17.0448
901 23 21.4435
902 13 19.8374
903 32 20.1482
904 12 17.4436
905 10 20.4597
906 26 16.8496
907 11 17.9946
908 1 19.7539
909 2 17.0455
910 28 16.8797
911 25 14.7636
912 16 17.4345
913 28 21.9734
914 1 22.2278
915 29 20.5235
916 15 17.8696
917 31 17.9915
918 29 16.526
919 17 22.852
920 18 21.1332
921 21 22.7164
922 2 18.6236
923 32 18.2539
924 14 17.2087
925 30 21.6732
926 29 22.3331
927 12 18.9051
928 11 16.0344
929 26 20.9313
930 13 21.878
931 31 19.6573
932 13 17.5677
933 24 20.0694
934 26 19.8671
935 25 19.4065
936 29 17.6945
937 19 18.3562
938 5 22.1531
939 24 18.7882
940 0 16.9217
941 21 20.2524
942 18 22.0293
943 26 16.8553
944 20 21.3838
945 25 22.8864
946 27 18.6448
947 28 22.1658
948 25 16.6489
949 36 23.6184
950 24 17.5998
951 29 16.4294
952 4 18.6648
953 25 19.5343
954 20 23.0021
955 2 17.765
956 28 18.9607
957 10 16.8608
958 23 20.957
959 13 21.0435
960 26 18.566
961 32 15.2974
962 29 18.1456
963 17 18.2074
964 30 15.4686
965 29 17.9044
966 1 21.1991
967 9 15.577
968 16 15.8456
969 15 18.7263
970 8 21.7482
971 23 19.9163
972 2 15.8192
973 28 20.8001
974 13 18.4694
975 15 19.4106
976 32 19.1591
977 15 15.4869
978 10 20.0353
979 28 18.3098
980 30 17.6656
981 16 19.4815
982 15 17.0843
983 26 20.5032
984 0 18.5006
985 27 21.6209
986 32 18.7616
987 31 19.0375
988 27 22.569
989 29 19.2055
990 24 19.4639
991 29 15.4241
992 32 17.2583
993 18 21.9294
994 25 23.0429
995 6 20.8043
996 32 19.3318
997 16 18.3681
998 21 22.6012
999 31 18.334
