0 1 27.0055
1 30 24.9322
2 26 27.1976
3 32 28.5181
4 29 21.2318
5 30 23.5464
6 32 26.9787
7 28 30.1917
8 31 24.0064
9 28 30.1985
10 30 23.9502
11 30 25.616
12 15 23.2899
13 36 34.4318
14 31 27.4481
15 32 23.3235
16 31 25.5266
17 32 23.0709
18 26 26.0426
19 31 26.7017
20 30 24.3776
21 27 27.4022
22 37 24.2995
23 30 28.718
24 22 27.5503
25 28 24.4827
26 37 31.8303
27 29 25.9046
28 31 26.2105
29 29 26.1508
30 25 20.8011
31 31 23.4432
32 31 27.3364
33 7 25.8827
34 16 25.3011
35 30 28.6693
36 24 24.8764
37 24 23.5793
38 21 24.2302
39 25 26.903
40 31 25.3453
41 28 25.7273
42 37 29.0147
43 26 20.69
44 26 26.3061
45 26 28.3632
46 28 28.3715
47 26 22.8847
48 33 29.6509
49 28 23.5536
50 27 26.0362
51 9 28.0456
52 23 23.703
53 21 30.5804
54 29 27.4486
55 28 26.0904
56 9 30.5083
57 30 31.6386
58 30 29.0806
59 28 22.394
60 27 24.8151
61 32 27.0174
62 26 28.4998
63 13 24.1494
64 19 22.0521
65 12 25.2535
66 31 24.3865
67 27 26.2046
68 30 26.5171
69 36 26.4796
70 21 27.6117
71 21 21.8854
72 27 27.6862
73 30 28.9927
74 24 24.5713
75 16 28.9833
76 27 22.7719
77 9 28.9884
78 24 27.4382
79 12 27.2126
80 25 26.8958
81 29 27.0954
82 31 26.2414
83 25 25.8917
84 30 24.2292
85 30 26.9036
86 29 21.6519
87 17 26.1944
88 28 24.1079
89 6 29.6788
90 18 25.0814
91 7 22.7855
92 26 22.7975
93 14 24.1094
94 32 22.6526
95 17 24.7357
96 31 24.0042
97 8 22.0468
98 8 28.0694
99 2 18.5962
100 25 23.537
101 13 20.2395
102 21 22.8293
103 32 26.9751
104 4 29.1243
105 30 21.6687
106 31 28.0906
107 14 25.0309
108 8 26.176
109 15 28.5806
110 3 27.7776
111 25 25.8566
112 11 25.4815
113 20 28.2691
114 5 22.8941
115 18 28.4239
116 20 23.0919
117 11 24.5042
118 4 30.5449
119 24 24.0221
120 6 20.7108
121 9 29.6275
122 15 24.1321
123 2 24.5285
124 6 22.7643
125 7 23.8596
126 3 21.9997
127 8 25.552
128 37 20.7849
129 30 24.1309
130 28 25.484
131 29 23.8722
132 0 33.7438
133 29 27.4762
134 31 25.467
135 31 22.4582
136 24 24.6534
137 16 25.9878
138 30 27.6575
139 31 24.9726
140 24 24.492
141 29 24.1473
142 25 26.5002
143 29 26.2293
144 32 22.385
145 20 21.7456
146 33 26.8528
147 26 24.9242
148 8 23.1191
149 33 26.7066
150 23 22.2172
151 30 24.7655
152 28 23.5756
153 28 29.2296
154 27 24.5027
155 23 26.855
156 19 22.3414
157 26 23.4949
158 23 25.3392
159 10 27.7451
160 27 22.5992
161 24 25.674
162 31 25.6597
163 19 26.3278
164 29 27.4017
165 31 26.4636
166 27 26.9651
167 27 24.128
168 26 23.5343
169 32 28.8381
170 24 25.8339
171 31 21.1162
172 22 24.2556
173 27 24.3247
174 30 27.4653
175 32 22.447
176 29 28.2891
177 36 21.1229
178 28 23.3918
179 30 25.1503
180 16 23.2843
181 28 20.5452
182 23 25.1923
183 30 23.6295
184 24 23.7653
185 2 25.6624
186 27 28.4265
187 31 24.8728
188 4 20.1836
189 8 25.2454
190 28 24.0359
191 32 24.6216
192 31 22.471
193 28 21.0524
194 20 19.7462
195 21 22.1576
196 29 23.5333
197 30 23.2543
198 25 23.8482
199 28 28.4946
200 37 27.711
201 21 27.8313
202 28 26.7024
203 25 22.9491
204 31 28.26
205 31 19.7947
206 28 19.4596
207 23 24.566
208 31 25.6635
209 22 25.6359
210 28 24.6805
211 19 26.396
212 13 20.5877
213 27 24.9819
214 25 29.2887
215 28 20.8523
216 31 21.9061
217 32 27.1088
218 28 25.6297
219 20 27.7413
220 21 22.0671
221 29 31.4504
222 8 23.0211
223 14 26.9214
224 31 23.2479
225 15 24.2385
226 19 22.7667
227 27 22.0645
228 25 25.8972
229 28 25.0719
230 31 24.945
231 29 24.3714
232 9 26.7011
233 6 22.3455
234 29 25.2198
235 28 24.6357
236 6 28.6975
237 28 22.0124
238 29 21.2582
239 24 21.3085
240 20 24.1645
241 24 29.9102
242 28 17.3371
243 33 24.6878
244 30 21.2899
245 29 27.9132
246 27 20.2031
247 4 20.7274
248 30 24.3803
249 36 25.3329
250 29 26.9124
251 28 27.3001
252 31 33.3343
253 24 22.6634
254 7 24.169
255 28 26.964
256 33 23.8653
257 31 24.3624
258 20 23.9582
259 30 23.4303
260 20 20.5491
261 24 23.5841
262 29 22.0596
263 2 24.6229
264 25 24.1563
265 22 23.8328
266 32 25.8676
267 25 21.5529
268 27 25.1893
269 36 24.215
270 2 26.5647
271 16 23.593
272 30 26.7168
273 30 23.2097
274 25 23.5537
275 25 25.4934
276 18 20.8246
277 25 25.9811
278 8 27.6307
279 9 18.1574
280 19 24.4241
281 33 25.5394
282 1 22.5327
283 11 26.9976
284 28 23.8262
285 26 23.7723
286 24 26.587
287 16 26.4838
288 20 22.7704
289 27 22.4509
290 32 23.8779
291 25 25.2641
292 37 25.2995
293 37 26.3514
294 31 23.3185
295 21 26.2754
296 4 21.0312
297 31 24.0357
298 19 26.4346
299 23 27.7386
300 25 23.0319
301 26 23.7683
302 31 26.6554
303 27 21.2494
304 28 24.5349
305 1 27.0575
306 22 26.0957
307 17 22.6218
308 31 21.7492
309 5 29.0898
310 1 22.711
311 27 24.4278
312 18 28.5713
313 27 24.9516
314 31 24.0227
315 29 31.7725
316 3 32.878
317 5 25.2181
318 22 28.2713
319 21 23.5857
320 28 22.8031
321 28 22.9755
322 19 23.5355
323 30 25.0461
324 27 20.1892
325 32 24.5515
326 29 26.0204
327 26 23.3422
328 28 27.697
329 18 25.2175
330 29 25.3851
331 26 27.8154
332 7 26.1263
333 12 27.7521
334 29 21.4806
335 24 22.5802
336 8 21.3441
337 26 21.0663
338 32 22.738
339 30 24.1827
340 4 24.6677
341 2 28.49
342 30 27.2252
343 18 22.2459
344 27 25.9327
345 32 24.2956
346 29 23.1078
347 36 24.8686
348 30 22.306
349 30 24.507
350 1 25.3918
351 27 22.1487
352 31 26.1237
353 23 30.1314
354 30 21.0347
355 31 28.9419
356 29 24.8721
357 24 25.4056
358 33 25.8539
359 27 21.2408
360 8 26.6606
361 26 26.5226
362 16 23.4389
363 31 27.7575
364 27 24.978
365 11 23.1922
366 21 24.3961
367 8 22.5639
368 16 23.4105
369 28 26.2806
370 12 21.2067
371 22 28.3997
372 33 24.5763
373 9 26.7201
374 16 27.2064
375 5 24.6521
376 37 23.1579
377 22 27.5138
378 32 23.3949
379 31 25.8932
380 17 24.9237
381 6 23.3689
382 1 25.0967
383 18 21.9448
384 29 25.8003
385 24 22.739
386 30 24.5094
387 30 22.2477
388 23 29.9463
389 15 22.012
390 7 27.5981
391 28 27.7017
392 14 23.7964
393 12 24.3041
394 28 29.2939
395 20 26.6615
396 26 22.7793
397 31 24.5262
398 24 25.4033
399 8 23.9582
400 30 25.9435
401 29 24.6821
402 32 23.8183
403 25 24.5827
404 28 26.9856
405 30 21.6246
406 37 22.344
407 28 25.2191
408 32 25.6667
409 25 25.4138
410 19 26.9213
411 30 26.2523
412 37 23.0582
413 20 21.7193
414 29 22.6511
415 30 21.511
416 25 22.6873
417 27 23.1246
418 18 23.6145
419 24 24.4254
420 1 23.2647
421 12 21.4635
422 15 22.9943
423 25 23.0314
424 28 22.7692
425 29 26.4746
426 26 26.4046
427 30 28.148
428 31 28.0781
429 31 24.2431
430 18 27.9971
431 19 21.338
432 28 24.656
433 28 17.5272
434 28 30.6541
435 29 26.0359
436 29 26.1134
437 31 23.117
438 30 20.9618
439 28 29.5647
440 23 26.8445
441 22 26.1972
442 26 26.8754
443 29 23.1087
444 28 23.0134
445 16 24.1649
446 30 22.5896
447 27 27.7826
448 21 27.0819
449 37 24.3197
450 10 24.3408
451 26 26.2665
452 30 30.073
453 5 27.3066
454 30 25.7633
455 21 21.2425
456 23 23.7518
457 0 23.1706
458 29 31.1752
459 15 22.1742
460 24 26.1656
461 20 18.708
462 22 25.4559
463 20 23.296
464 29 22.5618
465 14 24.03
466 33 20.7898
467 27 21.1982
468 30 23.8933
469 27 23.1796
470 28 22.3178
471 31 27.8958
472 28 22.8054
473 37 23.6055
474 29 20.0594
475 37 21.6216
476 31 23.5474
477 5 22.1195
478 29 22.5952
479 7 24.9613
480 37 25.081
481 28 19.8876
482 12 23.1438
483 31 24.4339
484 6 28.8609
485 22 22.8446
486 31 21.5008
487 17 22.9558
488 13 21.4995
489 10 25.0236
490 36 25.5509
491 23 20.5188
492 16 22.8333
493 7 24.0747
494 29 23.1874
495 17 24.8081
496 22 22.5971
497 9 20.5813
498 27 24.422
499 1 27.8748
500 23 22.0388
501 22 22.1523
502 16 24.5568
503 30 21.886
504 30 20.2121
505 29 22.5582
506 12 22.1912
507 11 21.8799
508 13 22.6722
509 11 22.2328
510 32 23.149
511 16 22.9589
512 0 23.326
513 0 21.3498
514 1 24.0635
515 31 23.8781
516 1 26.7971
517 16 22.7672
518 32 29.4216
519 28 25.2388
520 0 24.0146
521 25 29.7856
522 24 25.5811
523 17 19.9447
524 32 23.1657
525 22 21.8258
526 2 27.1075
527 31 23.6348
528 9 23.4783
529 30 21.2906
530 19 22.2247
531 27 29.3686
532 30 27.882
533 8 30.0035
534 31 29.1988
535 28 24.6163
536 32 28.419
537 27 26.6287
538 31 23.5682
539 31 21.5228
540 25 23.2825
541 25 22.6782
542 29 24.5405
543 22 21.8177
544 29 22.0437
545 23 25.6933
546 32 32.9152
547 8 27.0689
548 12 27.438
549 32 22.0479
550 28 23.2437
551 28 20.4139
552 25 18.8049
553 30 25.3078
554 32 24.4402
555 22 21.5655
556 27 23.6192
557 28 28.0693
558 33 27.3163
559 27 25.9143
560 19 25.0244
561 19 25.4441
562 28 29.0218
563 19 25.538
564 31 22.8373
565 20 28.4128
566 33 19.0772
567 26 25.5312
568 20 25.035
569 29 27.1383
570 16 23.5058
571 29 23.5282
572 31 22.3405
573 29 22.573
574 22 27.1344
575 25 18.8806
576 25 25.6433
577 18 22.184
578 9 24.0091
579 29 23.0939
580 25 26.444
581 27 27.7489
582 28 23.5906
583 22 20.4814
584 22 20.9777
585 6 20.6603
586 10 26.8454
587 11 22.5075
588 19 24.6772
589 26 21.5208
590 23 23.0833
591 14 24.3941
592 30 21.8975
593 27 24.4986
594 30 20.9159
595 32 25.663
596 23 20.0468
597 26 20.7417
598 20 23.5774
599 28 21.9617
600 37 25.986
601 27 23.7615
602 29 20.9155
603 31 21.0625
604 32 23.3206
605 25 24.6904
606 5 24.6014
607 31 26.2183
608 11 22.0373
609 5 26.7258
610 6 28.4738
611 25 20.3361
612 26 26.8812
613 29 29.7699
614 27 29.8356
615 25 23.1004
616 24 22.8521
617 25 25.5949
618 30 23.1555
619 23 21.6987
620 25 18.952
621 13 27.1602
622 23 20.5815
623 20 27.994
624 15 20.8535
625 29 23.389
626 29 19.9424
627 8 24.1484
628 10 27.0474
629 28 20.9974
630 29 24.1149
631 6 24.3136
632 31 22.5104
633 32 22.3882
634 36 22.6295
635 22 25.1134
636 28 22.7479
637 10 24.6704
638 25 25.5419
639 20 23.1191
640 25 23.7172
641 27 21.6155
642 21 18.1244
643 31 22.3113
644 30 21.6311
645 29 23.6268
646 14 22.8149
647 30 26.8689
648 5 23.4569
649 25 26.717
650 28 21.5493
651 12 19.8535
652 22 25.4024
653 32 20.3476
654 30 21.1739
655 10 18.6518
656 24 23.982
657 18 21.7579
658 23 24.2151
659 15 18.8578
660 32 22.2991
661 22 21.3205
662 29 22.3805
663 36 23.5518
664 30 22.3157
665 31 25.8863
666 37 18.8813
667 22 23.4433
668 25 26.8802
669 37 19.4785
670 21 21.1251
671 24 19.2395
672 29 23.7446
673 29 24.2583
674 29 24.9398
675 6 19.725
676 25 25.8701
677 13 24.7133
678 29 23.6229
679 28 25.2011
680 29 21.2354
681 22 21.0337
682 27 23.0219
683 12 23.7121
684 24 24.1437
685 29 24.2546
686 27 18.0504
687 21 24.7586
688 31 26.377
689 31 22.1449
690 30 24.3658
691 32 20.1575
692 24 29.5879
693 29 20.8502
694 28 21.1381
695 21 20.2913
696 23 20.3577
697 24 26.3106
698 27 22.4594
699 17 22.8535
700 6 24.3173
701 28 23.1649
702 26 23.4393
703 30 20.2545
704 27 24.307
705 31 24.0425
706 22 21.9526
707 20 19.5065
708 28 26.0874
709 29 23.0181
710 13 19.5952
711 36 25.0685
712 18 23.3891
713 32 21.2002
714 23 21.6594
715 5 20.0449
716 27 21.7113
717 37 24.5831
718 18 23.6759
719 29 18.2518
720 23 21.129
721 28 24.865
722 28 22.2589
723 36 23.3644
724 23 25.7904
725 6 17.909
726 17 21.575
727 25 20.5047
728 22 22.9184
729 36 21.6199
730 12 22.4175
731 26 26.4272
732 30 22.7196
733 24 21.6407
734 22 23.394
735 27 21.1316
736 12 20.9257
737 21 20.9844
738 5 23.1262
739 24 24.9243
740 6 30.8525
741 11 21.9047
742 9 23.8162
743 29 21.616
744 23 25.7524
745 9 22.2998
746 26 20.3642
747 33 18.2501
748 16 22.5061
749 30 24.0518
750 31 19.1223
751 31 19.5882
752 36 23.6147
753 30 21.2289
754 24 21.9413
755 12 24.3197
756 7 24.2888
757 2 22.0048
758 30 24.3388
759 26 24.5107
760 30 26.0689
761 3 22.6475
762 4 24.2732
763 4 21.5651
764 29 25.4116
765 3 22.549
766 28 27.0374
767 9 22.1372
768 36 23.4673
769 26 25.6537
770 5 23.5914
771 1 23.217
772 32 23.7479
773 25 25.4742
774 5 26.0201
775 27 24.8705
776 24 20.0409
777 22 28.2002
778 28 23.7036
779 0 21.1254
780 29 25.0275
781 22 23.9207
782 20 19.9745
783 24 19.9514
784 12 19.9992
785 33 21.1777
786 29 23.2632
787 22 23.9234
788 31 21.7169
789 14 25.0058
790 31 21.0665
791 19 20.2117
792 30 20.4841
793 20 24.5514
794 28 22.8566
795 8 22.2624
796 30 21.0683
797 7 28.9014
798 30 31.9818
799 28 26.8053
800 36 24.0244
801 31 19.769
802 31 20.317
803 14 24.8776
804 7 21.7702
805 37 20.5311
806 23 25.722
807 36 24.9157
808 23 27.3006
809 30 22.1733
810 17 20.7967
811 27 26.0882
812 31 22.1634
813 30 22.3845
814 31 26.9103
815 37 23.5906
816 20 22.5284
817 21 26.7914
818 15 21.6141
819 12 23.5003
820 12 26.38
821 26 20.2085
822 29 21.3387
823 14 26.2742
824 19 23.725
825 31 24.6385
826 6 26.0942
827 24 25.9046
828 7 23.505
829 30 26.0823
830 21 25.1089
831 24 21.5914
832 27 21.0096
833 27 22.6637
834 16 22.8284
835 29 18.6927
836 9 21.5272
837 29 24.2543
838 29 22.8097
839 28 21.8049
840 25 21.5078
841 22 24.2992
842 13 23.6296
843 32 25.4846
844 7 26.0109
845 24 21.7425
846 30 20.1289
847 29 23.8308
848 31 22.4482
849 18 25.6286
850 28 25.2841
851 37 20.9486
852 26 26.2357
853 30 24.0972
854 30 22.9346
855 33 26.9211
856 14 24.2052
857 19 22.7073
858 30 22.5387
859 23 24.0578
860 29 22.2851
861 19 23.001
862 20 21.5862
863 29 25.7168
864 27 18.9917
865 26 26.0704
866 24 22.9956
867 19 24.7476
868 6 21.1257
869 32 23.923
870 18 23.1918
871 28 22.9564
872 14 23.05
873 30 21.6854
874 10 21.1981
875 24 25.9537
876 25 18.9122
877 24 24.7593
878 7 24.1296
879 28 23.7921
880 22 24.3052
881 32 25.9846
882 29 23.1577
883 12 21.5059
884 14 29.5939
885 28 21.3219
886 25 24.2068
887 29 25.0083
888 30 24.3687
889 28 27.3025
890 21 21.0561
891 27 26.6142
892 29 22.1509
893 24 23.8319
894 30 25.2558
895 24 24.8956
896 24 23.9886
897 29 23.1839
898 14 22.4026
899 32 25.1717
900 20 28.7753
901 24 18.737
902 31 20.8443
903 1 23.2265
904 7 21.8304
905 31 22.8907
906 30 23.3395
907 30 21.9944
908 17 23.1014
909 37 22.6097
910 29 22.9305
911 26 19.4928
912 28 23.5865
913 19 28.4745
914 32 23.0944
915 36 19.0588
916 29 23.5719
917 29 21.9579
918 18 19.9741
919 31 25.3823
920 29 18.9938
921 15 26.3161
922 1 21.6851
923 25 25.8523
924 36 22.0988
925 24 29.5456
926 16 22.6039
927 6 22.194
928 31 20.3018
929 24 26.2083
930 28 20.572
931 8 24.65
932 14 22.9936
933 28 29.1723
934 32 22.1421
935 36 23.2966
936 14 20.2507
937 16 21.2598
938 27 24.802
939 37 22.7312
940 6 20.3234
941 29 22.5488
942 30 26.993
943 37 25.7499
944 32 25.2864
945 30 23.1742
946 29 22.7957
947 28 20.0881
948 29 24.8287
949 12 26.9175
950 27 23.0832
951 20 19.7151
952 29 23.6059
953 17 16.5801
954 26 24.2618
955 30 24.8484
956 30 21.4988
957 37 25.3146
958 29 24.4359
959 14 29.4332
960 29 21.1146
961 6 24.4051
962 30 22.9993
963 24 22.2796
964 26 24.66
965 31 24.7917
966 30 21.4398
967 2 21.8899
968 29 22.4936
969 28 22.4465
970 29 19.0487
971 31 23.5004
972 29 21.2128
973 32 19.9713
974 29 26.5219
975 32 22.4782
976 25 25.6089
977 22 21.0852
978 23 20.6177
979 27 23.7453
980 29 25.5906
981 16 19.4288
982 9 19.548
983 26 18.6442
984 31 20.2405
985 27 18.2458
986 37 23.1651
987 25 20.2166
988 30 19.7579
989 28 21.8865
990 36 24.8289
991 26 23.6259
992 32 27.0188
993 30 21.6096
994 37 24.5415
995 37 23.1985
996 31 19.7749
997 18 24.4144
998 22 21.7865
999 13 22.2446
