0 4 0
1 12 0
2 9 0
3 12 0
4 5 0
5 7 0
6 11 0
7 13 0
8 6 0
9 5 0
10 6 93.1272
11 11 93.9886
12 8 85.802
13 4 75.9203
14 10 72.5079
15 8 67.9043
16 6 59.2318
17 11 62.007
18 11 60.419
19 11 55.6209
20 10 55.3578
21 7 47.2623
22 8 44.0095
23 7 37.8691
24 7 35.2653
25 12 33.6373
26 8 27.8141
27 7 25.8981
28 14 25.1425
29 10 21.8778
30 5 19.2398
31 8 17.0991
32 9 13.1435
33 9 12.6973
34 9 10.5093
35 9 9.15733
36 10 7.0772
37 5 6.8523
38 12 5.74033
39 10 5.10243
40 11 4.85958
41 13 5.43567
42 7 5.17764
43 11 5.26361
44 4 5.19666
45 7 5.18198
46 9 5.64315
47 9 5.72522
48 5 6.02686
49 9 6.25062
50 6 6.33044
51 10 6.35771
52 8 5.65973
53 13 5.583
54 6 5.63082
55 8 5.29506
56 12 4.90729
57 9 4.64264
58 8 5.09979
59 10 4.61087
60 12 4.78447
61 9 4.72841
62 7 4.70804
63 9 5.23905
64 7 5.18921
65 9 4.9586
66 7 4.61461
67 12 4.71808
68 9 4.34334
69 5 4.61466
70 10 4.53675
71 8 4.53051
72 11 4.39761
73 7 4.22014
74 9 4.54654
75 6 4.17787
76 7 4.31107
77 9 4.10494
78 10 4.4191
79 6 4.30264
80 11 4.43395
81 10 4.02809
82 8 4.20781
83 8 4.12564
84 11 4.18962
85 3 4.02778
86 8 4.11972
87 9 4.21232
88 8 4.20069
89 8 4.09241
90 11 4.24431
91 7 3.89517
92 4 4.22065
93 8 4.37915
94 7 4.20608
95 5 4.33102
96 8 4.37436
97 11 4.59147
98 9 3.70705
99 10 4.17528
100 7 4.31766
101 6 4.21087
102 8 4.04291
103 9 3.90835
104 6 4.00365
105 8 4.10691
106 9 3.75008
107 10 3.58167
108 10 4.0574
109 10 3.81247
110 8 4.02476
111 9 3.80979
112 7 3.94712
113 11 3.82644
114 10 3.93116
115 6 3.96458
116 5 4.05049
117 10 3.8098
118 14 3.98807
119 7 3.8303
120 12 3.68793
121 4 4.3845
122 2 4.24423
123 11 3.91735
124 7 3.8303
125 5 4.64998
126 9 4.28447
127 9 4.46538
128 12 4.09062
129 13 4.35647
130 14 4.55045
131 13 4.42552
132 13 4.784
133 14 4.18136
134 12 4.75962
135 13 4.35848
136 10 4.56879
137 13 4.64956
138 11 4.31116
139 11 4.69917
140 12 4.53115
141 11 4.18916
142 11 4.70265
143 11 4.53984
144 13 4.08136
145 11 4.13295
146 13 3.98197
147 11 3.91016
148 14 3.77907
149 11 4.25654
150 9 4.52503
151 14 4.21355
152 13 4.40445
153 12 4.31407
154 12 4.19258
155 13 4.1524
156 15 4.26132
157 10 4.46211
158 12 3.7133
159 10 3.90011
160 12 3.80846
161 14 4.05055
162 11 4.14694
163 10 3.96849
164 14 3.8539
165 10 3.77593
166 12 4.10397
167 13 3.96171
168 11 4.13992
169 12 3.79395
170 14 3.82874
171 11 4.10448
172 11 4.52291
173 11 4.23303
174 14 4.40205
175 14 4.36366
176 15 3.84142
177 13 3.87967
178 11 4.14648
179 14 3.90892
180 12 3.96948
181 12 3.59909
182 13 3.95369
183 16 3.70553
184 9 3.72161
185 14 4.28897
186 13 3.52943
187 14 3.74826
188 13 3.61483
189 11 3.72692
190 14 3.89733
191 17 3.35013
192 13 3.54135
193 12 3.62467
194 13 3.46576
195 14 3.54134
196 11 3.49839
197 8 3.5519
198 12 3.41321
199 11 3.68669
200 10 3.93963
201 13 3.3224
202 12 3.43141
203 10 3.43547
204 11 3.55364
205 12 3.81849
206 13 3.43027
207 13 3.20488
208 16 3.71156
209 14 3.7521
210 11 3.79524
211 11 3.67145
212 15 3.39307
213 9 3.78598
214 10 3.63789
215 11 3.33419
216 11 3.24715
217 13 3.32684
218 11 3.72742
219 12 3.53692
220 12 3.3449
221 17 3.49287
222 11 3.63913
223 11 3.47541
224 11 3.80661
225 10 3.40449
226 6 3.49862
227 12 3.78641
228 10 3.81719
229 11 3.25937
230 14 4.02538
231 17 3.3904
232 17 3.80414
233 12 4.04615
234 12 3.9425
235 11 3.54759
236 12 3.69201
237 9 3.59822
238 13 3.54256
239 12 3.24342
240 7 4.16033
241 7 3.72898
242 10 3.83025
243 12 4.05284
244 12 3.88892
245 11 3.34922
246 11 4.00564
247 8 3.59231
248 10 3.44752
249 10 4.02041
250 12 3.4628
251 12 3.36849
252 14 3.52987
253 13 3.80875
254 13 3.33921
255 14 3.49956
256 13 3.6958
257 12 3.51096
258 16 4.17358
259 12 3.63971
260 13 3.31615
261 14 3.69438
262 16 3.794
263 11 3.46346
264 12 3.47628
265 8 3.62894
266 13 3.15908
267 11 3.99008
268 11 3.7251
269 18 3.53854
270 12 3.12739
271 14 3.65634
272 13 3.85608
273 10 3.16868
274 13 3.63981
275 14 3.79913
276 12 3.70775
277 14 3.58613
278 13 3.14044
279 14 3.48422
280 16 3.70094
281 14 3.23885
282 13 3.56063
283 12 3.27625
284 16 3.13165
285 16 4.02644
286 12 3.96829
287 11 3.84256
288 14 3.4006
289 14 3.49568
290 13 3.52305
291 13 3.43754
292 13 3.41807
293 11 3.23443
294 7 3.53713
295 11 3.49169
296 13 3.83862
297 14 3.37106
298 12 3.45515
299 14 3.49332
300 13 3.60429
301 10 3.71653
302 18 3.69409
303 12 3.49442
304 12 3.24957
305 13 3.44325
306 13 3.24997
307 14 3.3757
308 12 3.59319
309 10 3.45196
310 13 3.3731
311 9 3.55515
312 10 3.34448
313 11 3.33801
314 15 3.75119
315 12 3.28635
316 11 3.24685
317 10 3.14047
318 14 3.71024
319 15 3.31307
320 10 3.01547
321 11 3.45897
322 14 3.5723
323 13 3.45658
324 17 3.41604
325 13 3.24836
326 13 3.21615
327 15 4.00814
328 16 3.30099
329 14 3.1467
330 11 3.20084
331 15 3.34036
332 16 3.44944
333 13 3.78978
334 9 3.36109
335 14 3.33673
336 10 3.36716
337 11 3.5705
338 13 3.06978
339 13 3.21246
340 12 3.35565
341 14 3.48739
342 11 3.69579
343 16 3.64303
344 8 3.32633
345 10 3.41822
346 15 3.94733
347 14 3.28784
348 13 3.30214
349 9 3.25894
350 12 3.18802
351 10 3.71267
352 12 3.71235
353 4 3.28615
354 10 3.43309
355 15 4.00179
356 11 3.74253
357 10 3.90137
358 13 3.51773
359 11 3.61152
360 8 3.7785
361 8 3.76474
362 11 3.80403
363 9 3.53495
364 13 3.96657
365 12 3.38899
366 9 3.69269
367 13 3.30748
368 14 3.38483
369 8 3.37027
370 12 3.56179
371 8 3.32918
372 12 3.01333
373 11 3.46676
374 10 3.4131
375 14 3.46498
376 7 3.23917
377 9 3.40072
378 11 3.49534
379 16 3.21023
380 10 3.66945
381 11 3.28729
382 9 3.41026
383 12 3.29769
384 14 3.26968
385 10 3.24305
386 11 3.25344
387 14 3.14221
388 14 3.25954
389 14 3.13201
390 14 3.32758
391 14 3.25128
392 10 3.26226
393 13 3.37095
394 13 3.28897
395 10 3.40812
396 14 3.11353
397 14 3.32875
398 12 3.24538
399 17 3.67174
400 11 3.12391
401 15 3.20411
402 11 3.44548
403 13 3.26592
404 11 3.1848
405 12 3.38191
406 14 3.32031
407 13 3.22309
408 14 3.12663
409 15 2.96711
410 11 3.51783
411 14 3.29328
412 13 3.51813
413 15 3.10307
414 14 2.88224
415 15 3.08662
416 12 3.50104
417 13 3.22767
418 14 3.05186
419 18 3.73099
420 13 3.34677
421 11 3.10387
422 10 3.60412
423 15 3.28634
424 12 3.45461
425 15 3.40281
426 13 3.24542
427 14 3.11891
428 7 3.12289
429 10 3.46422
430 15 3.32829
431 12 3.36391
432 16 3.12023
433 13 3.09517
434 10 2.94867
435 13 3.3768
436 13 3.24826
437 13 3.2988
438 14 3.25323
439 13 3.07189
440 15 3.11237
441 13 3.24094
442 11 3.58276
443 12 2.93077
444 15 3.35601
445 9 3.11318
446 14 3.3377
447 15 3.00817
448 18 3.46509
449 15 3.08904
450 13 3.11275
451 15 3.17694
452 15 3.61541
453 13 3.19715
454 9 3.29025
455 16 3.4111
456 11 3.26183
457 10 3.1827
458 9 3.73344
459 16 3.15703
460 12 3.34202
461 11 3.1907
462 14 3.22264
463 13 3.27497
464 11 3.1429
465 12 3.06667
466 10 3.18482
467 9 3.24047
468 9 3.24148
469 9 3.26206
470 12 2.98225
471 10 3.62826
472 12 2.89369
473 6 3.35261
474 19 3.1292
475 8 3.26732
476 14 3.05984
477 14 3.01764
478 11 3.6029
479 16 3.28749
480 11 3.07408
481 12 3.20059
482 13 2.8317
483 13 3.385
484 15 3.17768
485 13 3.24719
486 14 3.4581
487 13 3.55429
488 8 2.95063
489 15 3.33776
490 12 3.12892
491 13 3.56554
492 12 3.13387
493 11 3.27606
494 15 3.5765
495 15 2.7313
496 11 3.19316
497 11 2.99379
498 15 3.15985
499 13 3.01474
500 11 2.94109
501 16 2.99902
502 5 3.07462
503 16 2.89729
504 6 2.79909
505 13 3.2094
506 12 3.11772
507 11 2.96385
508 12 3.34314
509 7 3.0928
510 12 3.0919
511 7 2.96256
512 11 3.1949
513 13 3.12035
514 12 3.29021
515 16 3.42853
516 9 3.25668
517 13 3.05201
518 12 3.10585
519 16 3.21514
520 14 3.08969
521 11 3.32496
522 17 3.37481
523 13 3.1926
524 15 3.22729
525 14 2.8954
526 12 3.19768
527 17 2.89578
528 14 3.03307
529 14 2.87033
530 10 3.45536
531 14 3.25762
532 10 3.14197
533 13 3.12172
534 14 3.26608
535 13 3.21065
536 16 3.18852
537 16 2.97773
538 10 3.43552
539 12 3.06582
540 11 3.17409
541 10 3.52847
542 10 3.24715
543 12 3.18172
544 12 3.16277
545 6 3.20523
546 15 3.00241
547 15 3.22463
548 7 3.41924
549 11 3.16359
550 15 3.28297
551 14 3.10103
552 11 3.29116
553 11 3.32679
554 11 3.45092
555 13 3.34128
556 7 3.35468
557 14 3.61997
558 13 3.37532
559 15 3.07174
560 18 3.36539
561 10 3.17428
562 5 3.31221
563 14 3.31442
564 16 3.17362
565 6 3.64148
566 14 3.88931
567 10 2.92828
568 14 3.47715
569 13 3.62762
570 14 3.24629
571 11 3.30499
572 13 2.99091
573 11 3.25665
574 14 3.71704
575 4 3.35643
576 13 3.68002
577 12 4.05691
578 12 3.74133
579 10 3.47704
580 15 3.53016
581 16 3.829
582 14 3.46267
583 13 3.40703
584 9 3.52205
585 12 3.13655
586 10 3.65745
587 12 3.35856
588 12 3.35783
589 12 3.31824
590 11 3.20492
591 12 3.40122
592 12 3.4498
593 14 3.33456
594 11 2.93466
595 7 3.09801
596 12 3.55916
597 10 3.46715
598 9 3.3797
599 14 3.37405
600 9 3.5519
601 7 2.93836
602 14 3.0991
603 12 3.11795
604 13 3.10659
605 15 3.23189
606 11 3.09888
607 12 3.42583
608 13 2.93972
609 11 3.24888
610 10 3.12995
611 14 3.21246
612 10 2.91606
613 10 2.98129
614 10 3.26137
615 5 3.27834
616 10 3.3808
617 11 3.40375
618 13 3.4037
619 15 3.01373
620 8 3.04217
621 11 3.1034
622 13 3.23295
623 9 3.25544
624 10 3.41104
625 8 3.61138
626 12 3.27931
627 14 3.1076
628 9 3.32564
629 14 3.16988
630 9 2.98419
631 13 3.24616
632 11 3.0478
633 8 3.15188
634 14 3.41842
635 14 3.23105
636 11 3.2294
637 14 3.29588
638 5 3.60249
639 8 3.31004
640 14 3.24224
641 11 2.90537
642 10 3.12347
643 13 2.93421
644 14 3.27776
645 13 3.36955
646 15 3.02489
647 22 2.63118
648 11 2.89763
649 12 2.64534
650 18 2.83219
651 12 3.2679
652 18 3.15645
653 11 2.79919
654 14 2.74366
655 14 3.01979
656 11 2.89243
657 13 2.72956
658 16 3.09758
659 11 2.57547
660 14 3.22917
661 7 3.16602
662 13 2.84683
663 12 2.77691
664 12 3.18491
665 12 2.91474
666 13 2.83005
667 13 2.7487
668 11 2.96145
669 15 3.26387
670 12 2.5895
671 12 2.85149
672 8 2.8846
673 14 3.01515
674 13 2.81075
675 14 2.99328
676 17 2.78264
677 16 3.25502
678 14 2.95283
679 17 2.79529
680 16 2.55334
681 13 2.6581
682 13 2.4913
683 17 2.82426
684 8 2.9559
685 16 2.90697
686 12 3.15354
687 7 2.87733
688 15 3.09913
689 14 3.01394
690 13 2.69572
691 8 2.79655
692 16 3.06352
693 9 3.28838
694 12 3.01771
695 15 2.72706
696 16 2.77246
697 12 3.03538
698 6 3.17858
699 10 2.85161
700 9 3.07389
701 11 3.18285
702 15 3.13236
703 12 2.74168
704 7 3.05253
705 13 2.98177
706 14 2.7714
707 17 2.80526
708 13 3.18091
709 8 3.06933
710 18 2.70191
711 8 2.81998
712 18 3.1302
713 11 3.1144
714 14 3.13123
715 15 3.46975
716 12 3.074
717 16 3.36759
718 13 2.86006
719 13 3.38393
720 7 3.12083
721 17 3.07511
722 16 3.05021
723 13 3.16373
724 9 2.90798
725 13 3.06714
726 8 3.20063
727 13 2.78889
728 14 3.24901
729 12 3.12425
730 16 3.04463
731 16 3.12788
732 10 2.9687
733 10 2.69919
734 6 3.06716
735 14 2.95408
736 10 3.07696
737 16 2.94039
738 17 3.25349
739 10 3.0257
740 9 3.6498
741 9 2.96122
742 14 3.18098
743 14 2.76255
744 15 2.94821
745 14 3.06116
746 12 2.92915
747 8 3.04345
748 6 2.64625
749 14 3.20948
750 10 3.14073
751 13 2.97143
752 15 2.98601
753 12 2.91416
754 10 3.09723
755 10 2.87428
756 7 3.06925
757 9 2.99744
758 7 3.01246
759 7 2.96233
760 15 2.80106
761 12 3.45407
762 3 3.13695
763 7 3.46291
764 16 3.33126
765 10 3.48212
766 15 3.01815
767 12 3.36227
768 11 3.19555
769 18 3.37035
770 15 3.63977
771 16 3.10639
772 13 3.31152
773 15 2.96737
774 13 2.99964
775 12 3.09969
776 15 3.17646
777 17 3.17683
778 6 3.54038
779 15 3.47422
780 7 3.5133
781 16 3.19637
782 7 3.01856
783 14 2.98954
784 8 3.19306
785 16 3.40423
786 11 3.30729
787 16 3.22206
788 9 3.53426
789 11 2.98036
790 13 3.01321
791 12 3.21765
792 10 3.10495
793 12 2.88651
794 7 3.31291
795 12 3.4482
796 17 3.23966
797 15 3.02705
798 20 2.99885
799 15 3.23516
800 12 3.2233
801 11 3.17838
802 15 3.28936
803 8 3.02734
804 8 2.87839
805 11 2.83138
806 14 3.68241
807 5 2.99149
808 14 3.15839
809 14 2.93797
810 5 3.01459
811 13 3.53826
812 7 2.96019
813 14 3.42937
814 13 3.01617
815 12 3.53951
816 16 3.80303
817 11 3.40901
818 18 3.18246
819 5 3.02575
820 10 2.83853
821 14 3.37452
822 10 3.50535
823 7 3.4388
824 10 3.02636
825 9 3.16802
826 23 3.95992
827 9 3.33966
828 11 3.10023
829 7 3.26575
830 15 3.17446
831 9 2.65008
832 14 3.21713
833 18 2.60738
834 11 2.8365
835 7 3.36326
836 16 3.12253
837 9 3.53616
838 17 3.52917
839 13 3.50448
840 15 3.09299
841 8 3.15732
842 13 3.84988
843 16 3.37308
844 12 2.91299
845 12 3.79333
846 6 3.24588
847 11 3.01809
848 10 3.03371
849 16 3.23142
850 14 2.95146
851 15 3.0079
852 10 3.42592
853 4 3.5713
854 5 2.86256
855 12 3.18381
856 13 2.90058
857 12 2.91737
858 15 3.17849
859 18 3.1214
860 16 3.47371
861 15 3.12181
862 19 3.68498
863 11 3.05387
864 17 3.23746
865 20 3.41679
866 12 3.18902
867 14 3.35223
868 12 3.74728
869 6 3.19457
870 15 3.5531
871 15 3.30274
872 13 3.50056
873 12 3.48611
874 8 3.14124
875 7 3.58409
876 13 3.4628
877 10 4.02278
878 16 3.80002
879 5 3.64929
880 8 3.73799
881 6 2.86355
882 5 3.43311
883 12 2.80862
884 17 3.43126
885 7 3.60546
886 15 3.32539
887 6 3.83705
888 4 3.39593
889 8 4.11862
890 15 3.60717
891 9 3.28111
892 8 3.59418
893 14 4.00605
894 6 4.00041
895 15 3.90328
896 11 3.37154
897 15 3.61853
898 14 4.13382
899 13 3.45072
900 13 3.39873
901 17 4.2335
902 14 3.91432
903 16 3.28304
904 14 3.62999
905 17 3.51337
906 15 3.558
907 13 3.14956
908 10 3.98991
909 13 3.56409
910 14 3.34597
911 15 3.92262
912 17 3.24103
913 10 3.39385
914 12 4.46052
915 12 3.49093
916 16 3.53184
917 16 3.27447
918 15 3.65602
919 16 3.77262
920 16 3.67538
921 16 3.54129
922 11 3.58491
923 12 3.48524
924 11 3.22018
925 17 3.12111
926 13 3.24828
927 10 3.47696
928 16 3.19058
929 15 3.29087
930 20 2.97896
931 9 3.44475
932 14 3.17118
933 10 3.20051
934 12 3.21195
935 14 3.56218
936 12 3.32087
937 11 3.5977
938 12 3.70938
939 13 3.40093
940 9 3.49468
941 14 3.11575
942 17 3.43337
943 15 3.28126
944 15 3.64598
945 10 3.52482
946 11 3.10914
947 13 3.52151
948 10 3.5143
949 13 3.29579
950 16 3.37838
951 15 3.31872
952 14 3.4234
953 12 2.93609
954 12 3.22308
955 10 3.24511
956 9 2.82279
957 16 3.21866
958 14 3.45545
959 12 3.1127
960 10 3.63023
961 10 3.40551
962 15 3.42634
963 13 3.51028
964 17 3.24287
965 15 2.84355
966 14 3.57942
967 13 3.3742
968 15 3.20849
969 12 3.43235
970 7 3.61386
971 10 3.59571
972 18 3.44357
973 13 2.96167
974 9 3.03017
975 15 3.40091
976 10 3.64255
977 15 3.18821
978 13 3.66462
979 17 3.13665
980 7 3.86997
981 11 3.09324
982 14 3.65803
983 7 3.44042
984 7 3.65917
985 11 3.13973
986 9 3.26937
987 14 3.52685
988 20 3.45011
989 12 3.33944
990 14 3.13889
991 11 3.51073
992 21 2.9997
993 6 3.47278
994 13 3.38795
995 17 3.57147
996 13 3.52319
997 17 3.24883
998 9 3.3231
999 15 3.10666
