10
__________
__________
__________
__________
__________
__________
__________
__________
__________
__________
3
62%
Hold
5%
board
__________
__________
__________
__________
__________
__________
_________I
_________I
_________I
_________I
5%
board
__________
__________
__________
__________
__________
__________
_________I
_________I
_________I
_________I
__________
__________
__________
__________
__________
__________
__________
__________
__________
__________
3
9.98004%
board
__________
__________
__________
__________
__________
__________
__________
__________
J_________
JJJ_______
7.78443%
board
__________
__________
__________
__________
__________
__________
__________
___J______
___J______
__JJ______
6.38723%
board
__________
__________
__________
__________
__________
__________
__________
__________
_______J__
_______JJJ
__________
__________
__________
__________
__________
__________
__________
__________
X_________
XXX_______
3
26.2948%
board
__________
__________
__________
__________
__________
__________
S_________
SS________
XS________
XXX_______
7.37052%
board
__________
__________
__________
__________
__________
__________
S_________
SS________
XS________
XXX_______
4.78088%
board
__________
__________
__________
__________
__________
__________
__________
__S_______
X_SS______
XXXS______
__________
__________
__________
__________
__________
__________
X_________
XX________
XX________
XXX_______
3
70.1789%
board
__________
__________
__________
__________
__________
__________
X_________
XX________
XX_______L
XXX____LLL
7.55467%
board
__________
__________
__________
__________
__________
__________
XLL_______
XXL_______
XXL_______
XXX_______
2.38569%
board
__________
__________
__________
__________
__________
__________
X_________
XX________
XX___LLL__
XXX__L____
__________
__________
__________
__________
__________
__________
X_________
XX________
XX_______X
XXX____XXX
3
38.4921%
board
__________
__________
__________
__________
__________
__________
X_________
XX_____OO_
XX_____OOX
XXX____XXX
32.3413%
Hold
5.35714%
board
__________
__________
__________
__________
__________
__________
X_________
XX________
XX_OO____X
XXXOO__XXX
__________
__________
__________
__________
__________
__________
X_________
XX_____XX_
XX_____XXX
XXX____XXX
3
79.2079%
board
__________
__________
__________
__________
__________
__________
X_________
XX_____XX_
XXZZ___XXX
XXXZZ__XXX
7.52475%
board
__________
__________
__________
__________
__________
__________
X_________
XX_____XX_
XXZZ___XXX
XXXZZ__XXX
1.58416%
board
__________
__________
__________
__________
__________
__________
X_________
XX__Z__XX_
XX_ZZ__XXX
XXXZ___XXX
__________
__________
__________
__________
__________
__________
X_________
XX_____XX_
XXXX___XXX
XXXXX__XXX
3
75.2964%
board
__________
__________
__________
__________
__________
__________
X_________
XX___T_XX_
XXXXTT_XXX
XXXXXT_XXX
2.7668%
Hold
2.17391%
board
__________
__________
__________
__________
__________
_________T
X_______TT
XX_____XXT
XXXX___XXX
XXXXX__XXX
__________
__________
__________
__________
__________
__________
X_________
XX___X_XX_
XXXXXX_XXX
XXXXXX_XXX
3
78.8955%
board
__________
__________
__________
__________
__________
__________
X______JJJ
XX___X_XXJ
XXXXXX_XXX
XXXXXX_XXX
2.76134%
board
__________
__________
__________
__________
__________
__________
X_J_______
XXJJJX_XX_
XXXXXX_XXX
XXXXXX_XXX
1.77515%
board
__________
__________
__________
__________
_______JJ_
_______J__
X______J__
XX___X_XX_
XXXXXX_XXX
XXXXXX_XXX
__________
__________
__________
__________
__________
__________
X______XXX
XX___X_XXX
XXXXXX_XXX
XXXXXX_XXX
3
68.5039%
board
__________
__________
__________
__________
__________
__________
X__T___XXX
XXTTTX_XXX
XXXXXX_XXX
XXXXXX_XXX
5.90551%
board
__________
__________
__________
__________
__________
__________
X__TTT_XXX
XX__TX_XXX
XXXXXX_XXX
XXXXXX_XXX
1.9685%
board
__________
__________
__________
________T_
________TT
________T_
X______XXX
XX___X_XXX
XXXXXX_XXX
XXXXXX_XXX
__________
__________
__________
__________
__________
__________
X__X___XXX
XXXXXX_XXX
XXXXXX_XXX
XXXXXX_XXX
3
57.3674%
board
__________
__________
__________
__________
__________
___ZZ_____
X__XZZ_XXX
XXXXXX_XXX
XXXXXX_XXX
XXXXXX_XXX
7.46562%
board
__________
__________
__________
__________
__________
___ZZ_____
X__XZZ_XXX
XXXXXX_XXX
XXXXXX_XXX
XXXXXX_XXX
6.4833%
board
__________
__________
__________
__________
__________
ZZ________
XZZX___XXX
XXXXXX_XXX
XXXXXX_XXX
XXXXXX_XXX
__________
__________
__________
__________
__________
___XX_____
X__XXX_XXX
XXXXXX_XXX
XXXXXX_XXX
XXXXXX_XXX
3
80%
board
__________
__________
__________
__________
_L________
_L_XX_____
XLLXXX_XXX
XXXXXX_XXX
XXXXXX_XXX
XXXXXX_XXX
2.54902%
board
__________
__________
__LL______
___L______
___L______
___XX_____
X__XXX_XXX
XXXXXX_XXX
XXXXXX_XXX
XXXXXX_XXX
2.35294%
board
__________
__________
___LL_____
____L_____
____L_____
___XX_____
X__XXX_XXX
XXXXXX_XXX
XXXXXX_XXX
XXXXXX_XXX
__________
__________
__________
__________
_X________
_X_XX_____
XXXXXX_XXX
XXXXXX_XXX
XXXXXX_XXX
XXXXXX_XXX
3
87.6712%
board
__________
__________
OO________
OO________
_X________
_X_XX_____
XXXXXX_XXX
XXXXXX_XXX
XXXXXX_XXX
XXXXXX_XXX
5.87084%
Hold
2.34834%
board
__________
__________
__________
___OO_____
_X_OO_____
_X_XX_____
XXXXXX_XXX
XXXXXX_XXX
XXXXXX_XXX
XXXXXX_XXX
__________
__________
XX________
XX________
_X________
_X_XX_____
XXXXXX_XXX
XXXXXX_XXX
XXXXXX_XXX
XXXXXX_XXX
3
99.6094%
board
__________
__________
XX________
XX________
_X________
_X_XX_____
XXXXXXIXXX
XXXXXXIXXX
XXXXXXIXXX
XXXXXXIXXX
0.195312%
Hold
0.195312%
board
__________
__________
XX________
XX________
_X________
_X_XX_____
XXXXXXIXXX
XXXXXXIXXX
XXXXXXIXXX
XXXXXXIXXX
