10
__________
__________
__________
__________
__________
__________
__________
__________
__________
__________
3
63.7275%
Hold
8.41683%
board
__________
__________
__________
__________
__________
__________
__________
__________
________OO
________OO
6.01202%
board
__________
__________
__________
__________
__________
__________
__________
__________
OO________
OO________
__________
__________
__________
__________
__________
__________
__________
__________
__________
__________
3
31.2625%
board
__________
__________
__________
__________
__________
__________
I_________
I_________
I_________
I_________
8.61723%
board
__________
__________
__________
__________
__________
__________
I_________
I_________
I_________
I_________
4.40882%
board
__________
__________
__________
__________
__________
__________
__________
__________
__________
IIII______
__________
__________
__________
__________
__________
__________
X_________
X_________
X_________
X_________
3
21.8437%
Hold
6.41283%
board
__________
__________
__________
__________
__________
__________
X_________
X____Z____
X___ZZ____
X___Z_____
6.41283%
board
__________
__________
__________
__________
__________
__________
X_________
X____Z____
X___ZZ____
X___Z_____
__________
__________
__________
__________
__________
__________
X_________
X_________
X_________
X_________
3
75.5511%
board
__________
__________
__________
__________
__________
__________
X_________
X_________
XOO_______
XOO_______
4.80962%
board
__________
__________
__________
__________
__________
__________
X_________
X_________
X_______OO
X_______OO
4.00802%
board
__________
__________
__________
__________
__________
__________
X_________
X_________
X_OO______
X_OO______
__________
__________
__________
__________
__________
__________
X_________
X_________
XXX_______
XXX_______
3
49.0982%
board
__________
__________
__________
__________
__________
__________
X_________
X_________
XXX___L___
XXX_LLL___
14.8297%
board
__________
__________
__________
__________
__________
__________
X_________
X_________
XXX______L
XXX____LLL
8.21643%
board
__________
__________
__________
__________
__________
__________
X_________
X_________
XXX__L____
XXXLLL____
__________
__________
__________
__________
__________
__________
X_________
X_________
XXX___X___
XXX_XXX___
3
41.8838%
Hold
4.60922%
board
__________
__________
__________
__________
__________
__________
X_________
X____SS___
XXX_SSX___
XXX_XXX___
4.60922%
board
__________
__________
__________
__________
__________
__________
X_SS______
XSS_______
XXX___X___
XXX_XXX___
__________
__________
__________
__________
__________
__________
X_________
X_________
XXX___X___
XXX_XXX___
3
39.6794%
board
__________
__________
__________
__________
__________
__________
X_________
X___Z_____
XXXZZ_X___
XXXZXXX___
21.2425%
board
__________
__________
__________
__________
__________
__________
X_________
X___Z_____
XXXZZ_X___
XXXZXXX___
3.40681%
board
__________
__________
__________
__________
__________
__________
X_____Z___
X____ZZ___
XXX__ZX___
XXX_XXX___
__________
__________
__________
__________
__________
__________
X_________
X___X_____
XXXXX_X___
XXXXXXX___
3
19.4389%
board
__________
__________
__________
__________
__________
__________
X_________
X___X____J
XXXXX_X__J
XXXXXXX_JJ
16.2325%
board
__________
__________
__________
__________
__________
__________
X____JJ___
X___XJ____
XXXXXJX___
XXXXXXX___
9.21844%
board
__________
__________
__________
__________
__________
__________
XJ________
XJJJX_____
XXXXX_X___
XXXXXXX___
__________
__________
__________
__________
__________
__________
X_________
X___X____X
XXXXX_X__X
XXXXXXX_XX
3
46.8938%
board
__________
__________
__________
__________
__________
__________
X____T____
X___XTT__X
XXXXXTX__X
XXXXXXX_XX
6.81363%
Hold
6.21242%
board
__________
__________
__________
__________
__________
__________
X_T_______
XTTTX____X
XXXXX_X__X
XXXXXXX_XX
__________
__________
__________
__________
__________
__________
X____X____
X___XXX__X
XXXXXXX__X
XXXXXXX_XX
3
71.7435%
board
__________
__________
__________
__________
__________
__________
X__L_X____
XLLLXXX__X
XXXXXXX__X
XXXXXXX_XX
2.60521%
board
__________
__________
__________
__________
__________
_L________
XL___X____
XLL_XXX__X
XXXXXXX__X
XXXXXXX_XX
1.2024%
board
__________
__________
__________
__________
__________
____L_____
X_LLLX____
X___XXX__X
XXXXXXX__X
XXXXXXX_XX
__________
__________
__________
__________
__________
__________
X__X_X____
XXXXXXX__X
XXXXXXX__X
XXXXXXX_XX
3
14.4289%
board
__________
__________
__________
__________
__________
ZZ________
XZZX_X____
XXXXXXX__X
XXXXXXX__X
XXXXXXX_XX
13.6273%
board
__________
__________
__________
__________
__________
ZZ________
XZZX_X____
XXXXXXX__X
XXXXXXX__X
XXXXXXX_XX
8.21643%
Hold
__________
__________
__________
__________
__________
XX________
XXXX_X____
XXXXXXX__X
XXXXXXX__X
XXXXXXX_XX
3
92.1844%
board
__________
__________
__________
__________
__________
XX________
XXXX_X__JJ
XXXXXXX_JX
XXXXXXX_JX
XXXXXXX_XX
0.601202%
board
__________
__________
__________
__________
__________
XX__JJJ___
XXXX_XJ___
XXXXXXX__X
XXXXXXX__X
XXXXXXX_XX
0.601202%
board
__________
__________
__________
__________
__________
XX________
XXXX_X____
XXXXXXXJJX
XXXXXXXJ_X
XXXXXXXJXX
__________
__________
__________
__________
__________
XX________
XXXX_X__XX
XXXXXXX_XX
XXXXXXX_XX
XXXXXXX_XX
3
92.3848%
board
__________
__________
__________
__________
__________
XX________
XXXX_X_IXX
XXXXXXXIXX
XXXXXXXIXX
XXXXXXXIXX
1.002%
board
__________
__________
__________
__________
__________
XX________
XXXX_X_IXX
XXXXXXXIXX
XXXXXXXIXX
XXXXXXXIXX
0.200401%
board
__________
__________
__________
__________
__________
XXIIII____
XXXX_X__XX
XXXXXXX_XX
XXXXXXX_XX
XXXXXXX_XX
__________
__________
__________
__________
__________
__________
__________
__________
XX________
XXXX_X_XXX
3
30.8617%
board
__________
__________
__________
__________
__________
__________
__________
___S______
XX_SS_____
XXXXSX_XXX
11.4228%
board
__________
__________
__________
__________
__________
__________
__________
___S______
XX_SS_____
XXXXSX_XXX
9.01804%
Hold
__________
__________
__________
__________
__________
__________
__________
___X______
XX_XX_____
XXXXXX_XXX
3
84.7695%
board
__________
__________
__________
__________
__________
__________
__________
___X__T___
XX_XXTT___
XXXXXXTXXX
4.00802%
board
__________
__________
__________
__________
__________
__________
__________
___X______
XX_XXTTT__
XXXXXXTXXX
1.002%
board
__________
__________
__________
__________
__________
__________
__________
___X__T___
XX_XX_TT__
XXXXXXTXXX
