10
__________
__________
__________
__________
__________
__________
__________
__________
__________
__________
3
19.8%
board
__________
__________
__________
__________
__________
__________
__________
__________
__ZZ______
___ZZ_____
19.8%
board
__________
__________
__________
__________
__________
__________
__________
__________
__ZZ______
___ZZ_____
8%
board
__________
__________
__________
__________
__________
__________
__________
__Z_______
_ZZ_______
_Z________
__________
__________
__________
__________
__________
__________
__________
__________
__XX______
___XX_____
3
64.2715%
board
__________
__________
__________
__________
__________
__________
__________
__________
J_XX______
JJJXX_____
17.9641%
board
__________
__________
__________
__________
__________
__________
__________
__________
__XX___J__
___XX__JJJ
2.59481%
board
__________
__________
__________
__________
__________
__________
__________
______J___
__XX__J___
___XXJJ___
__________
__________
__________
__________
__________
__________
__________
__________
X_XX______
XXXXX_____
3
69.3227%
Hold
4.38247%
board
__________
__________
__________
__________
__________
__________
_T________
TT________
XTXX______
XXXXX_____
4.18327%
board
__________
__________
__________
__________
__________
__________
__________
_____T____
X_XXTT____
XXXXXT____
__________
__________
__________
__________
__________
__________
__________
__________
X_XX______
XXXXX_____
3
20.6759%
board
__________
__________
__________
__________
__________
__________
_________I
_________I
X_XX_____I
XXXXX____I
20.4771%
board
__________
__________
__________
__________
__________
__________
_________I
_________I
X_XX_____I
XXXXX____I
8.54871%
board
__________
__________
__________
__________
__________
__________
_______I__
_______I__
X_XX___I__
XXXXX__I__
__________
__________
__________
__________
__________
__________
_________X
_________X
X_XX_____X
XXXXX____X
3
77.7778%
board
__________
__________
__________
__________
__________
__________
_________X
_________X
X_XX___OOX
XXXXX__OOX
4.56349%
Hold
4.56349%
board
__________
__________
__________
__________
__________
__________
OO_______X
OO_______X
X_XX_____X
XXXXX____X
__________
__________
__________
__________
__________
__________
_________X
_________X
X_XX___XXX
XXXXX__XXX
3
28.3168%
Hold
16.2376%
board
__________
__________
__________
__________
__________
__________
S________X
SS_______X
XSXX___XXX
XXXXX__XXX
13.0693%
board
__________
__________
__________
__________
__________
__________
S________X
SS_______X
XSXX___XXX
XXXXX__XXX
__________
__________
__________
__________
__________
__________
_________X
_________X
X_XX___XXX
XXXXX__XXX
3
56.1265%
board
__________
__________
__________
__________
__________
__________
_________X
_____T___X
X_XXTT_XXX
XXXXXT_XXX
5.13834%
board
__________
__________
__________
__________
__________
__________
___T_____X
__TTT____X
X_XX___XXX
XXXXX__XXX
4.74308%
board
__________
__________
__________
__________
__________
__________
_T_______X
TT_______X
XTXX___XXX
XXXXX__XXX
__________
__________
__________
__________
__________
__________
_________X
_____X___X
X_XXXX_XXX
XXXXXX_XXX
3
38.2643%
board
__________
__________
__________
__________
__________
_______L__
_______L_X
_____X_LLX
X_XXXX_XXX
XXXXXX_XXX
12.2288%
board
__________
__________
__________
__________
__________
_L________
_L_______X
_LL__X___X
X_XXXX_XXX
XXXXXX_XXX
6.1144%
Hold
__________
__________
__________
__________
__________
_______X__
_______X_X
_____X_XXX
X_XXXX_XXX
XXXXXX_XXX
3
43.8976%
board
__________
__________
__________
__________
_________Z
_______XZZ
_______XZX
_____X_XXX
X_XXXX_XXX
XXXXXX_XXX
42.5197%
board
__________
__________
__________
__________
_________Z
_______XZZ
_______XZX
_____X_XXX
X_XXXX_XXX
XXXXXX_XXX
1.77165%
board
__________
__________
__________
__________
__________
_____Z_X__
____ZZ_X_X
____ZX_XXX
X_XXXX_XXX
XXXXXX_XXX
__________
__________
__________
__________
_________X
_______XXX
_______XXX
_____X_XXX
X_XXXX_XXX
XXXXXX_XXX
3
34.3811%
board
__________
__________
__________
__________
_________X
_______XXX
_______XXX
_LLL_X_XXX
XLXXXX_XXX
XXXXXX_XXX
7.46562%
board
__________
__________
_________L
_______LLL
_________X
_______XXX
_______XXX
_____X_XXX
X_XXXX_XXX
XXXXXX_XXX
6.09037%
board
__________
__________
__________
__________
_________X
__L____XXX
__L____XXX
__LL_X_XXX
X_XXXX_XXX
XXXXXX_XXX
__________
__________
__________
__________
_________X
_______XXX
_______XXX
_XXX_X_XXX
XXXXXX_XXX
XXXXXX_XXX
3
45.098%
board
__________
__________
__________
__________
_________X
_______XXX
__JJJ__XXX
_XXXJX_XXX
XXXXXX_XXX
XXXXXX_XXX
6.47059%
Hold
6.07843%
board
__________
__________
__________
__________
_________X
JJ_____XXX
J______XXX
JXXX_X_XXX
XXXXXX_XXX
XXXXXX_XXX
__________
__________
__________
__________
_________X
_______XXX
__XXX__XXX
_XXXXX_XXX
XXXXXX_XXX
XXXXXX_XXX
3
22.7006%
board
__________
__________
__________
__________
I________X
I______XXX
I_XXX__XXX
IXXXXX_XXX
XXXXXX_XXX
XXXXXX_XXX
22.5049%
board
__________
__________
__________
__________
I________X
I______XXX
I_XXX__XXX
IXXXXX_XXX
XXXXXX_XXX
XXXXXX_XXX
14.6771%
board
__________
__________
__________
__________
_________X
_______XXX
__XXX_IXXX
_XXXXXIXXX
XXXXXXIXXX
XXXXXXIXXX
__________
__________
__________
__________
X________X
X______XXX
X_XXX__XXX
XXXXXX_XXX
XXXXXX_XXX
XXXXXX_XXX
3
70.8984%
board
__________
__________
__________
_______OO_
X______OOX
X______XXX
X_XXX__XXX
XXXXXX_XXX
XXXXXX_XXX
XXXXXX_XXX
7.03125%
board
__________
__________
__________
__________
XOO______X
XOO____XXX
X_XXX__XXX
XXXXXX_XXX
XXXXXX_XXX
XXXXXX_XXX
6.44531%
board
__________
__________
________OO
________OO
X________X
X______XXX
X_XXX__XXX
XXXXXX_XXX
XXXXXX_XXX
XXXXXX_XXX
__________
__________
__________
_______XX_
X______XXX
X______XXX
X_XXX__XXX
XXXXXX_XXX
XXXXXX_XXX
XXXXXX_XXX
3
48.9279%
board
__________
__________
__________
_______XX_
X___S__XXX
X___SS_XXX
X_XXXS_XXX
XXXXXX_XXX
XXXXXX_XXX
XXXXXX_XXX
27.6803%
board
__________
__________
__________
_______XX_
X___S__XXX
X___SS_XXX
X_XXXS_XXX
XXXXXX_XXX
XXXXXX_XXX
XXXXXX_XXX
3.89864%
Hold
__________
__________
__________
_______XX_
X___X__XXX
X___XX_XXX
X_XXXX_XXX
XXXXXX_XXX
XXXXXX_XXX
XXXXXX_XXX
3
91.6342%
board
__________
__________
__________
_______XX_
XT__X__XXX
XTT_XX_XXX
XTXXXX_XXX
XXXXXX_XXX
XXXXXX_XXX
XXXXXX_XXX
0.972763%
board
__________
__________
_____T____
____TT_XX_
X___XT_XXX
X___XX_XXX
X_XXXX_XXX
XXXXXX_XXX
XXXXXX_XXX
XXXXXX_XXX
0.583658%
Hold
__________
__________
__________
_______XX_
XX__X__XXX
XXX_XX_XXX
XXXXXX_XXX
XXXXXX_XXX
XXXXXX_XXX
XXXXXX_XXX
3
44.2718%
board
__________
__________
__________
_______XX_
XX__X__XXX
XXX_XX_XXX
XXXXXXIXXX
XXXXXXIXXX
XXXXXXIXXX
XXXXXXIXXX
43.6893%
board
__________
__________
__________
_______XX_
XX__X__XXX
XXX_XX_XXX
XXXXXXIXXX
XXXXXXIXXX
XXXXXXIXXX
XXXXXXIXXX
1.16505%
board
I_________
I_________
I_________
I______XX_
XX__X__XXX
XXX_XX_XXX
XXXXXX_XXX
XXXXXX_XXX
XXXXXX_XXX
XXXXXX_XXX
__________
__________
__________
__________
__________
__________
__________
_______XX_
XX__X__XXX
XXX_XX_XXX
3
58.5271%
board
__________
__________
__________
__________
__________
__________
_______JJJ
_______XXJ
XX__X__XXX
XXX_XX_XXX
6.58915%
Hold
4.45736%
board
__________
__________
__________
__________
__________
__________
__________
___JJ__XX_
XX_JX__XXX
XXXJXX_XXX
__________
__________
__________
__________
__________
__________
_______XXX
_______XXX
XX__X__XXX
XXX_XX_XXX
3
47.9691%
Hold
8.31721%
board
__________
__________
__________
__________
__________
__________
_____L_XXX
_____L_XXX
XX__XLLXXX
XXX_XX_XXX
5.41586%
board
__________
__________
__________
__________
__________
L_________
L______XXX
LL_____XXX
XX__X__XXX
XXX_XX_XXX
__________
__________
__________
__________
__________
__________
_______XXX
_______XXX
XX__X__XXX
XXX_XX_XXX
3
43.6293%
board
__________
__________
__________
__________
__________
__________
_______XXX
__S____XXX
XXSSX__XXX
XXXSXX_XXX
6.94981%
board
__________
__________
__________
__________
__________
__________
_______XXX
__S____XXX
XXSSX__XXX
XXXSXX_XXX
6.75676%
board
__________
__________
__________
________S_
________SS
_________S
_______XXX
_______XXX
XX__X__XXX
XXX_XX_XXX
__________
__________
__________
__________
__________
__________
_______XXX
__X____XXX
XXXXX__XXX
XXXXXX_XXX
3
43.1599%
board
__________
__________
__________
__________
__________
__________
__ZZ___XXX
__XZZ__XXX
XXXXX__XXX
XXXXXX_XXX
29.2871%
board
__________
__________
__________
__________
__________
__________
__ZZ___XXX
__XZZ__XXX
XXXXX__XXX
XXXXXX_XXX
2.50482%
board
__________
__________
__________
__________
__________
__________
_______XXX
__X_ZZ_XXX
XXXXXZZXXX
XXXXXX_XXX
__________
__________
__________
__________
__________
__________
__XX___XXX
__XXX__XXX
XXXXX__XXX
XXXXXX_XXX
3
77.3077%
board
__________
__________
__________
__________
__________
__________
OOXX___XXX
OOXXX__XXX
XXXXX__XXX
XXXXXX_XXX
5%
board
__________
__________
__________
__________
_______OO_
_______OO_
__XX___XXX
__XXX__XXX
XXXXX__XXX
XXXXXX_XXX
4.03846%
board
__________
__________
__________
__________
__________
__________
__XX___XXX
__XXXOOXXX
XXXXXOOXXX
XXXXXX_XXX
__________
__________
__________
__________
__________
__________
XXXX___XXX
XXXXX__XXX
XXXXX__XXX
XXXXXX_XXX
3
29.1747%
board
__________
__________
__________
__________
__________
__________
XXXX___XXX
XXXXXS_XXX
XXXXXSSXXX
XXXXXXSXXX
28.9827%
board
__________
__________
__________
__________
__________
__________
XXXX___XXX
XXXXXS_XXX
XXXXXSSXXX
XXXXXXSXXX
3.83877%
board
__________
__________
__________
________S_
________SS
_________S
XXXX___XXX
XXXXX__XXX
XXXXX__XXX
XXXXXX_XXX
__________
__________
__________
__________
__________
__________
__________
__________
XXXX___XXX
XXXXXX_XXX
3
18.1992%
Hold
10.728%
board
__________
__________
__________
__________
__________
__________
________T_
_______TTT
XXXX___XXX
XXXXXX_XXX
9.00383%
board
__________
__________
__________
__________
__________
__________
____T_____
___TT_____
XXXXT__XXX
XXXXXX_XXX
__________
__________
__________
__________
__________
__________
__________
__________
XXXX___XXX
XXXXXX_XXX
3
26.0038%
board
__________
__________
__________
__________
__________
__________
_________L
_______LLL
XXXX___XXX
XXXXXX_XXX
7.45698%
board
__________
__________
__________
__________
__________
__________
___LL_____
____L_____
XXXXL__XXX
XXXXXX_XXX
6.11855%
board
__________
__________
__________
__________
__________
LL________
_L________
_L________
XXXX___XXX
XXXXXX_XXX
__________
__________
__________
__________
__________
__________
_________X
_______XXX
XXXX___XXX
XXXXXX_XXX
3
50.9542%
Hold
10.3053%
board
__________
__________
__________
__________
__________
__________
_________X
____OO_XXX
XXXXOO_XXX
XXXXXX_XXX
7.44275%
board
__________
__________
__________
__________
________OO
________OO
_________X
_______XXX
XXXX___XXX
XXXXXX_XXX
__________
__________
__________
__________
__________
__________
_________X
_______XXX
XXXX___XXX
XXXXXX_XXX
3
17.1429%
board
__________
__________
__________
__________
__________
__________
_T_______X
TTT____XXX
XXXX___XXX
XXXXXX_XXX
7.04762%
board
__________
__________
__________
__________
__________
__________
____T____X
___TT__XXX
XXXXT__XXX
XXXXXX_XXX
6.28571%
board
__________
__________
__________
__________
__________
_T________
_TT______X
_T_____XXX
XXXX___XXX
XXXXXX_XXX
__________
__________
__________
__________
__________
__________
_X_______X
XXX____XXX
XXXX___XXX
XXXXXX_XXX
3
14.2586%
board
__________
__________
__________
__________
__________
__________
_X__T____X
XXXTT__XXX
XXXXT__XXX
XXXXXX_XXX
11.9772%
Hold
6.65399%
board
__________
__________
__________
__________
__________
___T______
_XTT_____X
XXXT___XXX
XXXX___XXX
XXXXXX_XXX
__________
__________
__________
__________
__________
__________
_X__X____X
XXXXX__XXX
XXXXX__XXX
XXXXXX_XXX
3
63.9469%
Hold
9.67742%
board
__________
__________
__________
__________
___J______
___J______
_XJJX____X
XXXXX__XXX
XXXXX__XXX
XXXXXX_XXX
3.22581%
board
__________
__________
__________
__________
__JJ______
__J_______
_XJ_X____X
XXXXX__XXX
XXXXX__XXX
XXXXXX_XXX
__________
__________
__________
__________
__________
__________
_X__X____X
XXXXX__XXX
XXXXX__XXX
XXXXXX_XXX
3
72.5379%
board
__________
__________
__________
__________
__________
__________
_X__X____X
XXXXXOOXXX
XXXXXOOXXX
XXXXXX_XXX
5.68182%
board
__________
__________
__________
__________
__________
__OO______
_XOOX____X
XXXXX__XXX
XXXXX__XXX
XXXXXX_XXX
5.49242%
board
__________
__________
__________
__________
__________
_______OO_
_X__X__OOX
XXXXX__XXX
XXXXX__XXX
XXXXXX_XXX
__________
__________
__________
__________
__________
__________
__________
__________
_X__X____X
XXXXXX_XXX
3
25.1418%
board
__________
__________
__________
__________
__________
__________
__________
_______Z__
_X__X_ZZ_X
XXXXXXZXXX
21.9282%
board
__________
__________
__________
__________
__________
__________
__________
_______Z__
_X__X_ZZ_X
XXXXXXZXXX
3.78072%
Hold
