20
__________
__________
__________
__________
__________
__________
__________
__________
__________
__________
__________
__________
__________
__________
__________
__________
__________
__________
__________
__________
3
37%
Hold
7%
board
__________
__________
__________
__________
__________
__________
__________
__________
__________
__________
__________
__________
__________
__________
__________
__________
__________
__________
_SS_______
SS________
7%
board
__________
__________
__________
__________
__________
__________
__________
__________
__________
__________
__________
__________
__________
__________
__________
__________
__________
__________
_SS_______
SS________
__________
__________
__________
__________
__________
__________
__________
__________
__________
__________
__________
__________
__________
__________
__________
__________
__________
__________
__________
__________
3
71.6%
board
__________
__________
__________
__________
__________
__________
__________
__________
__________
__________
__________
__________
__________
__________
__________
__________
__________
__________
_________L
_______LLL
3.6%
board
__________
__________
__________
__________
__________
__________
__________
__________
__________
__________
__________
__________
__________
__________
__________
__________
__________
__________
________L_
______LLL_
3.4%
board
__________
__________
__________
__________
__________
__________
__________
__________
__________
__________
__________
__________
__________
__________
__________
__________
__________
__________
__L_______
LLL_______
__________
__________
__________
__________
__________
__________
__________
__________
__________
__________
__________
__________
__________
__________
__________
__________
__________
__________
_________X
_______XXX
3
55.2%
Hold
5.4%
board
__________
__________
__________
__________
__________
__________
__________
__________
__________
__________
__________
__________
__________
__________
__________
__________
__________
_Z________
ZZ_______X
Z______XXX
5%
board
__________
__________
__________
__________
__________
__________
__________
__________
__________
__________
__________
__________
__________
__________
__________
__________
_________Z
________ZZ
________ZX
_______XXX
__________
__________
__________
__________
__________
__________
__________
__________
__________
__________
__________
__________
__________
__________
__________
__________
__________
__________
_________X
_______XXX
3
50%
board
__________
__________
__________
__________
__________
__________
__________
__________
__________
__________
__________
__________
__________
__________
__________
__________
__________
________SS
_______SSX
_______XXX
7.8%
board
__________
__________
__________
__________
__________
__________
__________
__________
__________
__________
__________
__________
__________
__________
__________
__________
__________
________SS
_______SSX
_______XXX
5.8%
board
__________
__________
__________
__________
__________
__________
__________
__________
__________
__________
__________
__________
__________
__________
__________
__________
_______S__
_______SS_
________SX
_______XXX
__________
__________
__________
__________
__________
__________
__________
__________
__________
__________
__________
__________
__________
__________
__________
__________
__________
________XX
_______XXX
_______XXX
3
31.6%
board
__________
__________
__________
__________
__________
__________
__________
__________
__________
__________
__________
__________
__________
__________
__________
__________
__________
________XX
_______XXX
___IIIIXXX
31.6%
board
__________
__________
__________
__________
__________
__________
__________
__________
__________
__________
__________
__________
__________
__________
__________
__________
__________
________XX
_______XXX
___IIIIXXX
7.2%
Hold
__________
__________
__________
__________
__________
__________
__________
__________
__________
__________
__________
__________
__________
__________
__________
__________
__________
________XX
_______XXX
___XXXXXXX
3
22.2%
board
__________
__________
__________
__________
__________
__________
__________
__________
__________
__________
__________
__________
__________
__________
_________J
_________J
________JJ
________XX
_______XXX
___XXXXXXX
21.2%
Hold
19.8%
board
__________
__________
__________
__________
__________
__________
__________
__________
__________
__________
__________
__________
__________
__________
__________
__________
__________
___J____XX
___JJJ_XXX
___XXXXXXX
__________
__________
__________
__________
__________
__________
__________
__________
__________
__________
__________
__________
__________
__________
_________X
_________X
________XX
________XX
_______XXX
___XXXXXXX
3
44%
board
__________
__________
__________
__________
__________
__________
__________
__________
__________
__________
__________
__________
__________
__________
_________X
_________X
________XX
_____T__XX
____TTTXXX
___XXXXXXX
13.2%
board
__________
__________
__________
__________
__________
__________
__________
__________
__________
__________
__________
__________
__________
__________
_________X
_________X
________XX
__T_____XX
__TT___XXX
__TXXXXXXX
7.6%
board
__________
__________
__________
__________
__________
__________
__________
__________
__________
__________
__________
__________
__________
__________
_________X
_________X
________XX
________XX
_TTT___XXX
__TXXXXXXX
__________
__________
__________
__________
__________
__________
__________
__________
__________
__________
__________
__________
__________
__________
_________X
_________X
________XX
_____X__XX
____XXXXXX
___XXXXXXX
3
50%
board
__________
__________
__________
__________
__________
__________
__________
__________
__________
__________
__________
__________
__________
__________
_________X
_________X
______OOXX
_____XOOXX
____XXXXXX
___XXXXXXX
39.2%
board
__________
__________
__________
__________
__________
__________
__________
__________
__________
__________
__________
__________
__________
__________
_________X
_________X
________XX
_____X__XX
_OO_XXXXXX
_OOXXXXXXX
4.6%
Hold
__________
__________
__________
__________
__________
__________
__________
__________
__________
__________
__________
__________
__________
__________
_________X
_________X
______XXXX
_____XXXXX
____XXXXXX
___XXXXXXX
3
72.6%
board
__________
__________
__________
__________
__________
__________
__________
__________
__________
__________
__________
__________
__________
__________
_____T___X
_____TT__X
_____TXXXX
_____XXXXX
____XXXXXX
___XXXXXXX
11.2%
board
__________
__________
__________
__________
__________
__________
__________
__________
__________
__________
__________
__________
__________
__________
_________X
_________X
___T__XXXX
___TTXXXXX
___TXXXXXX
___XXXXXXX
2.8%
board
__________
__________
__________
__________
__________
__________
__________
__________
__________
__________
__________
__________
__________
__________
_______T_X
______TTTX
______XXXX
_____XXXXX
____XXXXXX
___XXXXXXX
__________
__________
__________
__________
__________
__________
__________
__________
__________
__________
__________
__________
__________
__________
_____X___X
_____XX__X
_____XXXXX
_____XXXXX
____XXXXXX
___XXXXXXX
3
83.6%
board
__________
__________
__________
__________
__________
__________
__________
__________
__________
__________
__________
__________
__________
__________
_____X___X
_____XX__X
_____XXXXX
_L___XXXXX
_L__XXXXXX
_LLXXXXXXX
3.2%
Hold
2%
board
__________
__________
__________
__________
__________
__________
__________
__________
__________
__________
__________
__________
_________L
_______LLL
_____X___X
_____XX__X
_____XXXXX
_____XXXXX
____XXXXXX
___XXXXXXX
__________
__________
__________
__________
__________
__________
__________
__________
__________
__________
__________
__________
__________
__________
_____X___X
_____XX__X
_____XXXXX
_X___XXXXX
_X__XXXXXX
_XXXXXXXXX
3
50.2%
board
__________
__________
__________
__________
__________
__________
__________
__________
__________
__________
__________
__________
__________
__________
_____X___X
_____XX__X
_____XXXXX
_X_SSXXXXX
_XSSXXXXXX
_XXXXXXXXX
17%
board
__________
__________
__________
__________
__________
__________
__________
__________
__________
__________
__________
__________
__________
__________
_____X___X
_____XX__X
_____XXXXX
_X_SSXXXXX
_XSSXXXXXX
_XXXXXXXXX
5.8%
board
__________
__________
__________
__________
__________
__________
__________
__________
__________
__________
__________
__________
_____S____
_____SS___
_____XS__X
_____XX__X
_____XXXXX
_X___XXXXX
_X__XXXXXX
_XXXXXXXXX
__________
__________
__________
__________
__________
__________
__________
__________
__________
__________
__________
__________
__________
__________
_____X___X
_____XX__X
_____XXXXX
_X_XXXXXXX
_XXXXXXXXX
_XXXXXXXXX
3
88.4%
board
__________
__________
__________
__________
__________
__________
__________
__________
__________
__________
__________
__________
__________
__________
_____X___X
___OOXX__X
___OOXXXXX
_X_XXXXXXX
_XXXXXXXXX
_XXXXXXXXX
4.4%
board
__________
__________
__________
__________
__________
__________
__________
__________
__________
__________
__________
__________
__________
__________
_____X_OOX
_____XXOOX
_____XXXXX
_X_XXXXXXX
_XXXXXXXXX
_XXXXXXXXX
2.8%
Hold
__________
__________
__________
__________
__________
__________
__________
__________
__________
__________
__________
__________
__________
__________
_____X___X
___XXXX__X
___XXXXXXX
_X_XXXXXXX
_XXXXXXXXX
_XXXXXXXXX
3
38.8%
board
__________
__________
__________
__________
__________
__________
__________
__________
__________
__________
__________
__________
__________
________J_
_____X__JX
___XXXXJJX
___XXXXXXX
_X_XXXXXXX
_XXXXXXXXX
_XXXXXXXXX
15%
board
__________
__________
__________
__________
__________
__________
__________
__________
__________
__________
__________
__________
__________
________JJ
_____X__JX
___XXXX_JX
___XXXXXXX
_X_XXXXXXX
_XXXXXXXXX
_XXXXXXXXX
15%
board
__________
__________
__________
__________
__________
__________
__________
__________
__________
__________
__________
__________
__________
____JJJ___
_____XJ__X
___XXXX__X
___XXXXXXX
_X_XXXXXXX
_XXXXXXXXX
_XXXXXXXXX
__________
__________
__________
__________
__________
__________
__________
__________
__________
__________
__________
__________
__________
________X_
_____X__XX
___XXXXXXX
___XXXXXXX
_X_XXXXXXX
_XXXXXXXXX
_XXXXXXXXX
3
30.8%
board
__________
__________
__________
__________
__________
__________
__________
__________
__________
__________
_________I
_________I
_________I
________XI
_____X__XX
___XXXXXXX
___XXXXXXX
_X_XXXXXXX
_XXXXXXXXX
_XXXXXXXXX
30.4%
board
__________
__________
__________
__________
__________
__________
__________
__________
__________
__________
_________I
_________I
_________I
________XI
_____X__XX
___XXXXXXX
___XXXXXXX
_X_XXXXXXX
_XXXXXXXXX
_XXXXXXXXX
10.8%
Hold
__________
__________
__________
__________
__________
__________
__________
__________
__________
__________
_________X
_________X
_________X
________XX
_____X__XX
___XXXXXXX
___XXXXXXX
_X_XXXXXXX
_XXXXXXXXX
_XXXXXXXXX
3
40.4%
Hold
9%
board
__________
__________
__________
__________
__________
__________
__________
__________
__________
__________
_________X
_________X
_____Z___X
____ZZ__XX
____ZX__XX
___XXXXXXX
___XXXXXXX
_X_XXXXXXX
_XXXXXXXXX
_XXXXXXXXX
9%
board
__________
__________
__________
__________
__________
__________
__________
__________
__________
__________
_________X
_________X
_____Z___X
____ZZ__XX
____ZX__XX
___XXXXXXX
___XXXXXXX
_X_XXXXXXX
_XXXXXXXXX
_XXXXXXXXX
__________
__________
__________
__________
__________
__________
__________
__________
__________
__________
_________X
_________X
_________X
________XX
_____X__XX
___XXXXXXX
___XXXXXXX
_X_XXXXXXX
_XXXXXXXXX
_XXXXXXXXX
3
23.6%
board
__________
__________
__________
__________
__________
__________
__________
__________
__________
__________
_________X
_________X
_________X
_____ZZ_XX
_____XZZXX
___XXXXXXX
___XXXXXXX
_X_XXXXXXX
_XXXXXXXXX
_XXXXXXXXX
14.8%
board
__________
__________
__________
__________
__________
__________
__________
__________
__________
__________
_________X
_________X
_____Z___X
____ZZ__XX
____ZX__XX
___XXXXXXX
___XXXXXXX
_X_XXXXXXX
_XXXXXXXXX
_XXXXXXXXX
14.8%
board
__________
__________
__________
__________
__________
__________
__________
__________
__________
__________
_________X
_________X
_____Z___X
____ZZ__XX
____ZX__XX
___XXXXXXX
___XXXXXXX
_X_XXXXXXX
_XXXXXXXXX
_XXXXXXXXX
__________
__________
__________
__________
__________
__________
__________
__________
__________
__________
_________X
_________X
_________X
_____XX_XX
_____XXXXX
___XXXXXXX
___XXXXXXX
_X_XXXXXXX
_XXXXXXXXX
_XXXXXXXXX
3
65.4%
board
__________
__________
__________
__________
__________
__________
__________
__________
__________
__________
_________X
_________X
_____JJJ_X
_____XXJXX
_____XXXXX
___XXXXXXX
___XXXXXXX
_X_XXXXXXX
_XXXXXXXXX
_XXXXXXXXX
6.6%
board
__________
__________
__________
__________
__________
__________
__________
__________
__________
__________
_________X
_________X
____J____X
____JXX_XX
___JJXXXXX
___XXXXXXX
___XXXXXXX
_X_XXXXXXX
_XXXXXXXXX
_XXXXXXXXX
5.6%
board
__________
__________
__________
__________
__________
__________
__________
__________
__________
__________
_________X
_________X
_________X
_____XX_XX
_____XXXXX
___XXXXXXX
JJJXXXXXXX
_XJXXXXXXX
_XXXXXXXXX
_XXXXXXXXX
__________
__________
__________
__________
__________
__________
__________
__________
__________
__________
_________X
_________X
_____XXX_X
_____XXXXX
_____XXXXX
___XXXXXXX
___XXXXXXX
_X_XXXXXXX
_XXXXXXXXX
_XXXXXXXXX
3
79.8%
board
__________
__________
__________
__________
__________
__________
__________
__________
__________
__________
_________X
_________X
_____XXX_X
_____XXXXX
_____XXXXX
__TXXXXXXX
_TTXXXXXXX
_XTXXXXXXX
_XXXXXXXXX
_XXXXXXXXX
4.8%
board
__________
__________
__________
__________
__________
__________
__________
__________
__________
__________
________TX
_______TTX
_____XXXTX
_____XXXXX
_____XXXXX
___XXXXXXX
___XXXXXXX
_X_XXXXXXX
_XXXXXXXXX
_XXXXXXXXX
1.4%
board
__________
__________
__________
__________
__________
__________
__________
__________
__________
__________
______T__X
_____TTT_X
_____XXX_X
_____XXXXX
_____XXXXX
___XXXXXXX
___XXXXXXX
_X_XXXXXXX
_XXXXXXXXX
_XXXXXXXXX
__________
__________
__________
__________
__________
__________
__________
__________
__________
__________
_________X
_________X
_____XXX_X
_____XXXXX
_____XXXXX
__XXXXXXXX
_XXXXXXXXX
_XXXXXXXXX
_XXXXXXXXX
_XXXXXXXXX
3
42.8%
board
__________
__________
__________
__________
__________
__________
__________
__________
__________
__________
_________X
_________X
_____XXX_X
_____XXXXX
_____XXXXX
__XXXXXXXX
IXXXXXXXXX
IXXXXXXXXX
IXXXXXXXXX
IXXXXXXXXX
7.8%
board
__________
__________
__________
__________
__________
__________
__________
__________
__________
__________
_________X
_________X
_____XXX_X
_____XXXXX
_____XXXXX
__XXXXXXXX
IXXXXXXXXX
IXXXXXXXXX
IXXXXXXXXX
IXXXXXXXXX
6.2%
Hold
__________
__________
__________
__________
__________
__________
__________
__________
__________
__________
__________
__________
__________
__________
_________X
_________X
_____XXX_X
_____XXXXX
_____XXXXX
__XXXXXXXX
3
20.2%
board
__________
__________
__________
__________
__________
__________
__________
__________
__________
__________
__________
__________
__________
__________
_________X
_________X
___S_XXX_X
___SSXXXXX
____SXXXXX
__XXXXXXXX
19.2%
board
__________
__________
__________
__________
__________
__________
__________
__________
__________
__________
__________
__________
__________
__________
_________X
_________X
___S_XXX_X
___SSXXXXX
____SXXXXX
__XXXXXXXX
13.4%
board
__________
__________
__________
__________
__________
__________
__________
__________
__________
__________
__________
__________
__________
__________
_______S_X
_______SSX
_____XXXSX
_____XXXXX
_____XXXXX
__XXXXXXXX
__________
__________
__________
__________
__________
__________
__________
__________
__________
__________
__________
__________
__________
__________
_________X
_________X
___X_XXX_X
___XXXXXXX
____XXXXXX
__XXXXXXXX
3
91%
board
__________
__________
__________
__________
__________
__________
__________
__________
__________
__________
__________
__________
__________
__________
_________X
_________X
___X_XXX_X
___XXXXXXX
_LLLXXXXXX
_LXXXXXXXX
1%
board
__________
__________
__________
__________
__________
__________
__________
__________
__________
__________
__________
__________
__________
__________
_________X
_________X
__LX_XXX_X
__LXXXXXXX
__LLXXXXXX
__XXXXXXXX
0.8%
board
__________
__________
__________
__________
__________
__________
__________
__________
__________
__________
__________
__________
__________
__________
_________X
____LLL__X
___XLXXX_X
___XXXXXXX
____XXXXXX
__XXXXXXXX
__________
__________
__________
__________
__________
__________
__________
__________
__________
__________
__________
__________
__________
__________
_________X
_________X
___X_XXX_X
___XXXXXXX
_XXXXXXXXX
_XXXXXXXXX
3
90.8%
board
__________
__________
__________
__________
__________
__________
__________
__________
__________
__________
__________
__________
__________
__________
_________X
_________X
_OOX_XXX_X
_OOXXXXXXX
_XXXXXXXXX
_XXXXXXXXX
1.6%
Hold
1.6%
board
__________
__________
__________
__________
__________
__________
__________
__________
__________
__________
__________
__________
__________
__________
______OO_X
______OO_X
___X_XXX_X
___XXXXXXX
_XXXXXXXXX
_XXXXXXXXX
__________
__________
__________
__________
__________
__________
__________
__________
__________
__________
__________
__________
__________
__________
_________X
_________X
_XXX_XXX_X
_XXXXXXXXX
_XXXXXXXXX
_XXXXXXXXX
3
32.8%
Hold
17%
board
__________
__________
__________
__________
__________
__________
__________
__________
__________
__________
__________
__________
__________
__________
_____Z___X
____ZZ___X
_XXXZXXX_X
_XXXXXXXXX
_XXXXXXXXX
_XXXXXXXXX
7.2%
board
__________
__________
__________
__________
__________
__________
__________
__________
__________
__________
__________
__________
__________
__________
_____Z___X
____ZZ___X
_XXXZXXX_X
_XXXXXXXXX
_XXXXXXXXX
_XXXXXXXXX
__________
__________
__________
__________
__________
__________
__________
__________
__________
__________
__________
__________
__________
__________
_________X
_________X
_XXX_XXX_X
_XXXXXXXXX
_XXXXXXXXX
_XXXXXXXXX
3
45%
board
__________
__________
__________
__________
__________
__________
__________
__________
__________
__________
__________
__________
__________
__________
_____Z___X
____ZZ___X
_XXXZXXX_X
_XXXXXXXXX
_XXXXXXXXX
_XXXXXXXXX
9%
board
__________
__________
__________
__________
__________
__________
__________
__________
__________
__________
__________
__________
__________
__________
_____Z___X
____ZZ___X
_XXXZXXX_X
_XXXXXXXXX
_XXXXXXXXX
_XXXXXXXXX
7%
board
__________
__________
__________
__________
__________
__________
__________
__________
__________
__________
__________
__________
_________Z
________ZZ
________ZX
_________X
_XXX_XXX_X
_XXXXXXXXX
_XXXXXXXXX
_XXXXXXXXX
__________
__________
__________
__________
__________
__________
__________
__________
__________
__________
__________
__________
__________
__________
_____X___X
____XX___X
_XXXXXXX_X
_XXXXXXXXX
_XXXXXXXXX
_XXXXXXXXX
3
90.4%
board
__________
__________
__________
__________
__________
__________
__________
__________
__________
__________
__________
__________
__________
__________
_____X_S_X
____XX_SSX
_XXXXXXXSX
_XXXXXXXXX
_XXXXXXXXX
_XXXXXXXXX
0.8%
board
__________
__________
__________
__________
__________
__________
__________
__________
__________
__________
__________
__________
__________
__________
_____X_S_X
____XX_SSX
_XXXXXXXSX
_XXXXXXXXX
_XXXXXXXXX
_XXXXXXXXX
0.6%
board
__________
__________
__________
__________
__________
__________
__________
__________
__________
__________
__________
__________
__________
____SS____
___SSX___X
____XX___X
_XXXXXXX_X
_XXXXXXXXX
_XXXXXXXXX
_XXXXXXXXX
__________
__________
__________
__________
__________
__________
__________
__________
__________
__________
__________
__________
__________
__________
_____X_X_X
____XX_XXX
_XXXXXXXXX
_XXXXXXXXX
_XXXXXXXXX
_XXXXXXXXX
3
84.8%
board
__________
__________
__________
__________
__________
__________
__________
__________
__________
__________
__________
__________
__________
__________
_____X_X_X
____XX_XXX
IXXXXXXXXX
IXXXXXXXXX
IXXXXXXXXX
IXXXXXXXXX
8.4%
board
__________
__________
__________
__________
__________
__________
__________
__________
__________
__________
__________
__________
__________
__________
_____X_X_X
____XX_XXX
IXXXXXXXXX
IXXXXXXXXX
IXXXXXXXXX
IXXXXXXXXX
0.4%
board
__________
__________
__________
__________
__________
__________
__________
__________
__________
__________
__________
__________
______I___
______I___
_____XIX_X
____XXIXXX
_XXXXXXXXX
_XXXXXXXXX
_XXXXXXXXX
_XXXXXXXXX
__________
__________
__________
__________
__________
__________
__________
__________
__________
__________
__________
__________
__________
__________
__________
__________
__________
__________
_____X_X_X
____XX_XXX
3
40.8%
board
__________
__________
__________
__________
__________
__________
__________
__________
__________
__________
__________
__________
__________
__________
__________
__________
__________
L_________
L____X_X_X
LL__XX_XXX
6.2%
board
__________
__________
__________
__________
__________
__________
__________
__________
__________
__________
__________
__________
__________
__________
__________
__________
__________
_____LL___
_____XLX_X
____XXLXXX
3.8%
board
__________
__________
__________
__________
__________
__________
__________
__________
__________
__________
__________
__________
__________
__________
__________
__________
__________
__________
___L_X_X_X
_LLLXX_XXX
__________
__________
__________
__________
__________
__________
__________
__________
__________
__________
__________
__________
__________
__________
__________
__________
__________
X_________
X____X_X_X
XX__XX_XXX
3
69%
Hold
6.2%
board
__________
__________
__________
__________
__________
__________
__________
__________
__________
__________
__________
__________
__________
__________
__________
__________
__________
X_________
X_OO_X_X_X
XXOOXX_XXX
3.8%
board
__________
__________
__________
__________
__________
__________
__________
__________
__________
__________
__________
__________
__________
__________
__________
__________
____OO____
X___OO____
X____X_X_X
XX__XX_XXX
__________
__________
__________
__________
__________
__________
__________
__________
__________
__________
__________
__________
__________
__________
__________
__________
__________
X_________
X____X_X_X
XX__XX_XXX
3
24.2%
board
__________
__________
__________
__________
__________
__________
__________
__________
__________
__________
__________
__________
__________
__________
__________
__________
_________Z
X_______ZZ
X____X_XZX
XX__XX_XXX
24%
board
__________
__________
__________
__________
__________
__________
__________
__________
__________
__________
__________
__________
__________
__________
__________
__________
_________Z
X_______ZZ
X____X_XZX
XX__XX_XXX
7.2%
board
__________
__________
__________
__________
__________
__________
__________
__________
__________
__________
__________
__________
__________
__________
__________
__________
__________
X_________
XZZ__X_X_X
XXZZXX_XXX
__________
__________
__________
__________
__________
__________
__________
__________
__________
__________
__________
__________
__________
__________
__________
__________
_________X
X_______XX
X____X_XXX
XX__XX_XXX
3
25.4%
board
__________
__________
__________
__________
__________
__________
__________
__________
__________
__________
__________
__________
__________
__________
__________
__________
_________X
X_____JJXX
X____XJXXX
XX__XXJXXX
7.6%
Hold
7.6%
board
__________
__________
__________
__________
__________
__________
__________
__________
__________
__________
__________
__________
__________
__________
__________
J_________
JJJ______X
X_______XX
X____X_XXX
XX__XX_XXX
__________
__________
__________
__________
__________
__________
__________
__________
__________
__________
__________
__________
__________
__________
__________
__________
_________X
X_____XXXX
X____XXXXX
XX__XXXXXX
3
10.4%
Hold
8.2%
board
__________
__________
__________
__________
__________
__________
__________
__________
__________
__________
__________
__________
__________
__________
__________
__________
_____Z___X
X___ZZXXXX
X___ZXXXXX
XX__XXXXXX
8.2%
board
__________
__________
__________
__________
__________
__________
__________
__________
__________
__________
__________
__________
__________
__________
__________
__________
_____Z___X
X___ZZXXXX
X___ZXXXXX
XX__XXXXXX
__________
__________
__________
__________
__________
__________
__________
__________
__________
__________
__________
__________
__________
__________
__________
__________
_________X
X_____XXXX
X____XXXXX
XX__XXXXXX
3
30.6%
board
__________
__________
__________
__________
__________
__________
__________
__________
__________
__________
__________
__________
__________
__________
__________
__________
_________X
X_____XXXX
X_OO_XXXXX
XXOOXXXXXX
18.8%
board
__________
__________
__________
__________
__________
__________
__________
__________
__________
__________
__________
__________
__________
__________
__________
_______OO_
_______OOX
X_____XXXX
X____XXXXX
XX__XXXXXX
15%
board
__________
__________
__________
__________
__________
__________
__________
__________
__________
__________
__________
__________
__________
__________
__________
__________
____OO___X
X___OOXXXX
X____XXXXX
XX__XXXXXX
__________
__________
__________
__________
__________
__________
__________
__________
__________
__________
__________
__________
__________
__________
__________
__________
__________
_________X
X_____XXXX
X_XX_XXXXX
3
74.6%
board
__________
__________
__________
__________
__________
__________
__________
__________
__________
__________
__________
__________
__________
__________
__________
__________
__________
_________X
X__TTTXXXX
X_XXTXXXXX
7.2%
Hold
2%
board
__________
__________
__________
__________
__________
__________
__________
__________
__________
__________
__________
__________
__________
__________
__________
__________
__________
____T____X
X___TTXXXX
X_XXTXXXXX
__________
__________
__________
__________
__________
__________
__________
__________
__________
__________
__________
__________
__________
__________
__________
__________
__________
_________X
X__XXXXXXX
X_XXXXXXXX
3
70.8%
Hold
5%
board
__________
__________
__________
__________
__________
__________
__________
__________
__________
__________
__________
__________
__________
__________
__________
__________
_______OO_
_______OOX
X__XXXXXXX
X_XXXXXXXX
4.8%
board
__________
__________
__________
__________
__________
__________
__________
__________
__________
__________
__________
__________
__________
__________
__________
__________
____OO____
____OO___X
X__XXXXXXX
X_XXXXXXXX
__________
__________
__________
__________
__________
__________
__________
__________
__________
__________
__________
__________
__________
__________
__________
__________
__________
_________X
X__XXXXXXX
X_XXXXXXXX
3
26.6%
board
__________
__________
__________
__________
__________
__________
__________
__________
__________
__________
__________
__________
__________
__________
__________
__________
__________
__Z______X
XZZXXXXXXX
XZXXXXXXXX
25.6%
board
__________
__________
__________
__________
__________
__________
__________
__________
__________
__________
__________
__________
__________
__________
__________
__________
__________
__Z______X
XZZXXXXXXX
XZXXXXXXXX
3.2%
board
__________
__________
__________
__________
__________
__________
__________
__________
__________
__________
__________
__________
__________
__________
__________
_________Z
________ZZ
________ZX
X__XXXXXXX
X_XXXXXXXX
__________
__________
__________
__________
__________
__________
__________
__________
__________
__________
__________
__________
__________
__________
__________
__________
__________
__________
__________
__X______X
3
3.6%
board
__________
__________
__________
__________
__________
__________
__________
__________
__________
__________
__________
__________
__________
__________
__________
__________
__________
__________
_______T__
__X___TTTX
3.4%
Hold
3.4%
board
__________
__________
__________
__________
__________
__________
__________
__________
__________
__________
__________
__________
__________
__________
__________
__________
__________
__________
______T___
__X__TTT_X
__________
__________
__________
__________
__________
__________
__________
__________
__________
__________
__________
__________
__________
__________
__________
__________
__________
__________
_______X__
__X___XXXX
3
3.4%
Hold
3%
board
__________
__________
__________
__________
__________
__________
__________
__________
__________
__________
__________
__________
__________
__________
__________
__________
__________
__________
_____L_X__
__XLLLXXXX
3%
board
__________
__________
__________
__________
__________
__________
__________
__________
__________
__________
__________
__________
__________
__________
__________
__________
__________
__________
_LLL___X__
_LX___XXXX
__________
__________
__________
__________
__________
__________
__________
__________
__________
__________
__________
__________
__________
__________
__________
__________
__________
__________
_______X__
__X___XXXX
3
13.4%
board
__________
__________
__________
__________
__________
__________
__________
__________
__________
__________
__________
__________
__________
__________
__________
__________
__________
__________
OO_____X__
OOX___XXXX
12.4%
board
__________
__________
__________
__________
__________
__________
__________
__________
__________
__________
__________
__________
__________
__________
__________
__________
__________
__________
___OO__X__
__XOO_XXXX
11%
board
__________
__________
__________
__________
__________
__________
__________
__________
__________
__________
__________
__________
__________
__________
__________
__________
__________
__________
____OO_X__
__X_OOXXXX
